{"contracts/BBFreelancer.sol":{"l":{"16":21,"17":20,"20":20,"21":15,"24":28,"26":28,"28":28,"29":26,"32":27,"33":26,"37":44,"38":44,"41":42,"42":42},"path":"/Users/trantho/Code/SmartContract/digital-contracts/src/contracts/BBFreelancer.sol","s":{"1":21,"2":20,"3":28,"4":28,"5":28,"6":27,"7":44,"8":42},"b":{"1":[20,1],"2":[15,5],"3":[28,0],"4":[26,2],"5":[26,1],"6":[44,0],"7":[42,0]},"f":{"1":21,"2":20,"3":28,"4":27,"5":44,"6":42},"fnMap":{"1":{"name":"jobNotExist","line":15,"loc":{"start":{"line":15,"column":2},"end":{"line":15,"column":36}}},"2":{"name":"isFreelancerOfJob","line":19,"loc":{"start":{"line":19,"column":2},"end":{"line":19,"column":42}}},"3":{"name":"isNotOwnerJob","line":23,"loc":{"start":{"line":23,"column":2},"end":{"line":23,"column":38}}},"4":{"name":"isOwnerJob","line":31,"loc":{"start":{"line":31,"column":2},"end":{"line":31,"column":35}}},"5":{"name":"jobNotStarted","line":36,"loc":{"start":{"line":36,"column":2},"end":{"line":36,"column":38}}},"6":{"name":"isNotCanceled","line":40,"loc":{"start":{"line":40,"column":2},"end":{"line":40,"column":38}}}},"statementMap":{"1":{"start":{"line":16,"column":4},"end":{"line":16,"column":53}},"2":{"start":{"line":20,"column":4},"end":{"line":20,"column":91}},"3":{"start":{"line":24,"column":4},"end":{"line":24,"column":56}},"4":{"start":{"line":26,"column":4},"end":{"line":26,"column":25}},"5":{"start":{"line":28,"column":4},"end":{"line":28,"column":34}},"6":{"start":{"line":32,"column":4},"end":{"line":32,"column":58}},"7":{"start":{"line":37,"column":4},"end":{"line":37,"column":78}},"8":{"start":{"line":41,"column":4},"end":{"line":41,"column":78}}},"branchMap":{"1":{"line":16,"type":"if","locations":[{"start":{"line":16,"column":4},"end":{"line":16,"column":4}},{"start":{"line":16,"column":4},"end":{"line":16,"column":4}}]},"2":{"line":20,"type":"if","locations":[{"start":{"line":20,"column":4},"end":{"line":20,"column":4}},{"start":{"line":20,"column":4},"end":{"line":20,"column":4}}]},"3":{"line":26,"type":"if","locations":[{"start":{"line":26,"column":4},"end":{"line":26,"column":4}},{"start":{"line":26,"column":4},"end":{"line":26,"column":4}}]},"4":{"line":28,"type":"if","locations":[{"start":{"line":28,"column":4},"end":{"line":28,"column":4}},{"start":{"line":28,"column":4},"end":{"line":28,"column":4}}]},"5":{"line":32,"type":"if","locations":[{"start":{"line":32,"column":4},"end":{"line":32,"column":4}},{"start":{"line":32,"column":4},"end":{"line":32,"column":4}}]},"6":{"line":37,"type":"if","locations":[{"start":{"line":37,"column":4},"end":{"line":37,"column":4}},{"start":{"line":37,"column":4},"end":{"line":37,"column":4}}]},"7":{"line":41,"type":"if","locations":[{"start":{"line":41,"column":4},"end":{"line":41,"column":4}},{"start":{"line":41,"column":4},"end":{"line":41,"column":4}}]}}},"contracts/BBFreelancerBid.sol":{"l":{"22":4,"44":18,"46":17,"48":17,"50":16,"53":16,"55":16,"57":16,"68":2,"70":2,"71":0,"73":2,"74":2,"75":2,"76":2,"77":1,"81":2,"95":14,"96":14,"97":14,"99":14,"101":14,"103":14,"104":14,"106":1,"107":1,"111":13,"113":14},"path":"/Users/trantho/Code/SmartContract/digital-contracts/src/contracts/BBFreelancerBid.sol","s":{"1":4,"2":18,"3":17,"4":17,"5":16,"6":16,"7":2,"8":2,"9":2,"10":2,"11":2,"12":2,"13":14,"14":14,"15":14,"16":14,"17":14,"18":1,"19":13,"20":13,"21":14},"b":{"1":[17,1],"2":[17,0],"3":[16,1],"4":[16,0],"5":[0,2],"6":[2,0],"7":[1,1],"8":[14,0],"9":[14,0],"10":[1,13],"11":[1,0],"12":[13,0],"13":[13,0]},"f":{"1":4,"2":18,"3":2,"4":14},"fnMap":{"1":{"name":"setPaymentContract","line":21,"loc":{"start":{"line":21,"column":2},"end":{"line":21,"column":70}}},"2":{"name":"createBid","line":37,"loc":{"start":{"line":37,"column":2},"end":{"line":40,"column":27}}},"3":{"name":"cancelBid","line":67,"loc":{"start":{"line":67,"column":2},"end":{"line":67,"column":57}}},"4":{"name":"acceptBid","line":91,"loc":{"start":{"line":91,"column":2},"end":{"line":94,"column":27}}}},"statementMap":{"1":{"start":{"line":22,"column":4},"end":{"line":22,"column":48}},"2":{"start":{"line":44,"column":4},"end":{"line":44,"column":63}},"3":{"start":{"line":46,"column":4},"end":{"line":46,"column":62}},"4":{"start":{"line":48,"column":4},"end":{"line":48,"column":68}},"5":{"start":{"line":50,"column":4},"end":{"line":50,"column":23}},"6":{"start":{"line":57,"column":4},"end":{"line":57,"column":65}},"7":{"start":{"line":68,"column":5},"end":{"line":68,"column":90}},"8":{"start":{"line":70,"column":5},"end":{"line":70,"column":1949}},"9":{"start":{"line":73,"column":7},"end":{"line":73,"column":80}},"10":{"start":{"line":74,"column":7},"end":{"line":74,"column":22}},"11":{"start":{"line":76,"column":7},"end":{"line":76,"column":2306}},"12":{"start":{"line":81,"column":4},"end":{"line":81,"column":52}},"13":{"start":{"line":95,"column":4},"end":{"line":95,"column":77}},"14":{"start":{"line":96,"column":4},"end":{"line":96,"column":19}},"15":{"start":{"line":97,"column":4},"end":{"line":97,"column":61}},"16":{"start":{"line":99,"column":4},"end":{"line":99,"column":79}},"17":{"start":{"line":104,"column":4},"end":{"line":104,"column":3266}},"18":{"start":{"line":107,"column":6},"end":{"line":107,"column":40}},"19":{"start":{"line":109,"column":11},"end":{"line":109,"column":3462}},"20":{"start":{"line":111,"column":6},"end":{"line":111,"column":79}},"21":{"start":{"line":113,"column":4},"end":{"line":113,"column":57}}},"branchMap":{"1":{"line":44,"type":"if","locations":[{"start":{"line":44,"column":4},"end":{"line":44,"column":4}},{"start":{"line":44,"column":4},"end":{"line":44,"column":4}}]},"2":{"line":46,"type":"if","locations":[{"start":{"line":46,"column":4},"end":{"line":46,"column":4}},{"start":{"line":46,"column":4},"end":{"line":46,"column":4}}]},"3":{"line":48,"type":"if","locations":[{"start":{"line":48,"column":4},"end":{"line":48,"column":4}},{"start":{"line":48,"column":4},"end":{"line":48,"column":4}}]},"4":{"line":50,"type":"if","locations":[{"start":{"line":50,"column":4},"end":{"line":50,"column":4}},{"start":{"line":50,"column":4},"end":{"line":50,"column":4}}]},"5":{"line":70,"type":"if","locations":[{"start":{"line":70,"column":5},"end":{"line":70,"column":5}},{"start":{"line":70,"column":5},"end":{"line":70,"column":5}}]},"6":{"line":74,"type":"if","locations":[{"start":{"line":74,"column":7},"end":{"line":74,"column":7}},{"start":{"line":74,"column":7},"end":{"line":74,"column":7}}]},"7":{"line":76,"type":"if","locations":[{"start":{"line":76,"column":7},"end":{"line":76,"column":7}},{"start":{"line":76,"column":7},"end":{"line":76,"column":7}}]},"8":{"line":96,"type":"if","locations":[{"start":{"line":96,"column":4},"end":{"line":96,"column":4}},{"start":{"line":96,"column":4},"end":{"line":96,"column":4}}]},"9":{"line":97,"type":"if","locations":[{"start":{"line":97,"column":4},"end":{"line":97,"column":4}},{"start":{"line":97,"column":4},"end":{"line":97,"column":4}}]},"10":{"line":104,"type":"if","locations":[{"start":{"line":104,"column":4},"end":{"line":104,"column":4}},{"start":{"line":104,"column":4},"end":{"line":104,"column":4}}]},"11":{"line":107,"type":"if","locations":[{"start":{"line":107,"column":6},"end":{"line":107,"column":6}},{"start":{"line":107,"column":6},"end":{"line":107,"column":6}}]},"12":{"line":109,"type":"if","locations":[{"start":{"line":109,"column":11},"end":{"line":109,"column":11}},{"start":{"line":109,"column":11},"end":{"line":109,"column":11}}]},"13":{"line":111,"type":"if","locations":[{"start":{"line":111,"column":6},"end":{"line":111,"column":6}},{"start":{"line":111,"column":6},"end":{"line":111,"column":6}}]}}},"contracts/BBFreelancerJob.sol":{"l":{"22":1,"35":1,"36":1,"37":1,"38":1,"39":1,"40":1,"41":1,"58":20,"60":20,"62":19,"64":18,"67":17,"69":17,"72":17,"74":17,"76":17,"86":6,"87":6,"88":3,"89":1,"90":1,"91":1,"92":1,"93":1,"95":2,"97":3,"98":3,"110":7,"112":7,"113":7,"124":7,"126":7,"127":7,"128":7},"path":"/Users/trantho/Code/SmartContract/digital-contracts/src/contracts/BBFreelancerJob.sol","s":{"1":1,"2":1,"3":1,"4":1,"5":1,"6":1,"7":1,"8":1,"9":20,"10":20,"11":19,"12":18,"13":17,"14":6,"15":6,"16":3,"17":1,"18":1,"19":1,"20":1,"21":3,"22":7,"23":7,"24":7},"b":{"1":[20,0],"2":[19,1],"3":[18,1],"4":[17,1],"5":[3,3],"6":[1,2],"7":[1,0],"8":[7,0]},"f":{"1":1,"2":1,"3":20,"4":6,"5":7,"6":7},"fnMap":{"1":{"name":"setPaymentContract","line":21,"loc":{"start":{"line":21,"column":2},"end":{"line":21,"column":70}}},"2":{"name":"getJob","line":34,"loc":{"start":{"line":34,"column":2},"end":{"line":34,"column":102}}},"3":{"name":"createJob","line":54,"loc":{"start":{"line":54,"column":2},"end":{"line":56,"column":3}}},"4":{"name":"cancelJob","line":83,"loc":{"start":{"line":83,"column":2},"end":{"line":84,"column":24}}},"5":{"name":"startJob","line":105,"loc":{"start":{"line":105,"column":2},"end":{"line":108,"column":30}}},"6":{"name":"finishJob","line":120,"loc":{"start":{"line":120,"column":2},"end":{"line":122,"column":30}}}},"statementMap":{"1":{"start":{"line":22,"column":4},"end":{"line":22,"column":48}},"2":{"start":{"line":35,"column":4},"end":{"line":35,"column":53}},"3":{"start":{"line":36,"column":4},"end":{"line":36,"column":65}},"4":{"start":{"line":37,"column":4},"end":{"line":37,"column":63}},"5":{"start":{"line":38,"column":4},"end":{"line":38,"column":60}},"6":{"start":{"line":39,"column":4},"end":{"line":39,"column":63}},"7":{"start":{"line":40,"column":4},"end":{"line":40,"column":74}},"8":{"start":{"line":41,"column":4},"end":{"line":41,"column":63}},"9":{"start":{"line":58,"column":4},"end":{"line":58,"column":30}},"10":{"start":{"line":60,"column":4},"end":{"line":60,"column":25}},"11":{"start":{"line":62,"column":4},"end":{"line":62,"column":22}},"12":{"start":{"line":64,"column":4},"end":{"line":64,"column":28}},"13":{"start":{"line":76,"column":4},"end":{"line":76,"column":81}},"14":{"start":{"line":86,"column":4},"end":{"line":86,"column":59}},"15":{"start":{"line":87,"column":4},"end":{"line":87,"column":38}},"16":{"start":{"line":88,"column":4},"end":{"line":88,"column":2624}},"17":{"start":{"line":89,"column":6},"end":{"line":89,"column":76}},"18":{"start":{"line":90,"column":6},"end":{"line":90,"column":77}},"19":{"start":{"line":91,"column":6},"end":{"line":91,"column":83}},"20":{"start":{"line":92,"column":6},"end":{"line":92,"column":42}},"21":{"start":{"line":98,"column":4},"end":{"line":98,"column":29}},"22":{"start":{"line":113,"column":4},"end":{"line":113,"column":28}},"23":{"start":{"line":124,"column":4},"end":{"line":124,"column":58}},"24":{"start":{"line":128,"column":4},"end":{"line":128,"column":29}}},"branchMap":{"1":{"line":58,"type":"if","locations":[{"start":{"line":58,"column":4},"end":{"line":58,"column":4}},{"start":{"line":58,"column":4},"end":{"line":58,"column":4}}]},"2":{"line":60,"type":"if","locations":[{"start":{"line":60,"column":4},"end":{"line":60,"column":4}},{"start":{"line":60,"column":4},"end":{"line":60,"column":4}}]},"3":{"line":62,"type":"if","locations":[{"start":{"line":62,"column":4},"end":{"line":62,"column":4}},{"start":{"line":62,"column":4},"end":{"line":62,"column":4}}]},"4":{"line":64,"type":"if","locations":[{"start":{"line":64,"column":4},"end":{"line":64,"column":4}},{"start":{"line":64,"column":4},"end":{"line":64,"column":4}}]},"5":{"line":87,"type":"if","locations":[{"start":{"line":87,"column":4},"end":{"line":87,"column":4}},{"start":{"line":87,"column":4},"end":{"line":87,"column":4}}]},"6":{"line":88,"type":"if","locations":[{"start":{"line":88,"column":4},"end":{"line":88,"column":4}},{"start":{"line":88,"column":4},"end":{"line":88,"column":4}}]},"7":{"line":92,"type":"if","locations":[{"start":{"line":92,"column":6},"end":{"line":92,"column":6}},{"start":{"line":92,"column":6},"end":{"line":92,"column":6}}]},"8":{"line":124,"type":"if","locations":[{"start":{"line":124,"column":4},"end":{"line":124,"column":4}},{"start":{"line":124,"column":4},"end":{"line":124,"column":4}}]}}},"contracts/BBFreelancerPayment.sol":{"l":{"26":1,"27":1,"28":1,"29":1,"30":1,"31":1,"33":1,"34":1,"43":5,"44":5,"45":5,"55":1,"56":1,"57":1,"58":1,"60":1,"61":1,"62":1,"63":1,"70":1,"71":1,"72":1,"73":1,"77":3,"78":3,"79":3,"80":3,"81":3,"82":2,"88":1,"89":1,"90":1,"91":1,"92":1,"101":3,"102":3,"104":3,"105":3,"106":3,"107":3,"108":3,"109":3,"110":3,"111":3,"112":3,"113":3},"path":"/Users/trantho/Code/SmartContract/digital-contracts/src/contracts/BBFreelancerPayment.sol","s":{"1":1,"2":1,"3":1,"4":1,"5":1,"6":1,"7":1,"8":5,"9":5,"10":1,"11":1,"12":1,"13":1,"14":1,"15":1,"16":1,"17":1,"18":1,"19":1,"20":1,"21":3,"22":3,"23":3,"24":3,"25":2,"26":1,"27":1,"28":1,"29":1,"30":3,"31":3,"32":3,"33":3,"34":3,"35":3,"36":3,"37":3,"38":3,"39":3,"40":3},"b":{"1":[1,0],"2":[1,0],"3":[1,0],"4":[1,0],"5":[5,0],"6":[1,0],"7":[1,0],"8":[1,0],"9":[3,0],"10":[2,1],"11":[1,0],"12":[3,0],"13":[3,0],"14":[3,0],"15":[3,0],"16":[3,0]},"f":{"1":1,"2":5,"3":1,"4":1,"5":3,"6":1,"7":3},"fnMap":{"1":{"name":"acceptPayment","line":24,"loc":{"start":{"line":24,"column":2},"end":{"line":25,"column":23}}},"2":{"name":"rejectPayment","line":41,"loc":{"start":{"line":41,"column":2},"end":{"line":42,"column":23}}},"3":{"name":"claimePayment","line":53,"loc":{"start":{"line":53,"column":2},"end":{"line":54,"column":3}}},"4":{"name":"checkPayment","line":69,"loc":{"start":{"line":69,"column":2},"end":{"line":69,"column":75}}},"5":{"name":"withdrawAllBBO","line":76,"loc":{"start":{"line":76,"column":2},"end":{"line":76,"column":62}}},"6":{"name":"refundBBO","line":87,"loc":{"start":{"line":87,"column":2},"end":{"line":87,"column":57}}},"7":{"name":"finalizeDispute","line":100,"loc":{"start":{"line":100,"column":2},"end":{"line":100,"column":63}}}},"statementMap":{"1":{"start":{"line":26,"column":4},"end":{"line":26,"column":59}},"2":{"start":{"line":27,"column":4},"end":{"line":27,"column":59}},"3":{"start":{"line":28,"column":4},"end":{"line":28,"column":59}},"4":{"start":{"line":30,"column":4},"end":{"line":30,"column":73}},"5":{"start":{"line":31,"column":4},"end":{"line":31,"column":61}},"6":{"start":{"line":33,"column":4},"end":{"line":33,"column":41}},"7":{"start":{"line":34,"column":4},"end":{"line":34,"column":45}},"8":{"start":{"line":43,"column":4},"end":{"line":43,"column":59}},"9":{"start":{"line":45,"column":3},"end":{"line":45,"column":44}},"10":{"start":{"line":55,"column":4},"end":{"line":55,"column":59}},"11":{"start":{"line":56,"column":4},"end":{"line":56,"column":82}},"12":{"start":{"line":57,"column":4},"end":{"line":57,"column":84}},"13":{"start":{"line":58,"column":4},"end":{"line":58,"column":54}},"14":{"start":{"line":61,"column":4},"end":{"line":61,"column":61}},"15":{"start":{"line":62,"column":4},"end":{"line":62,"column":41}},"16":{"start":{"line":63,"column":4},"end":{"line":63,"column":44}},"17":{"start":{"line":70,"column":4},"end":{"line":70,"column":82}},"18":{"start":{"line":71,"column":4},"end":{"line":71,"column":84}},"19":{"start":{"line":72,"column":4},"end":{"line":72,"column":62}},"20":{"start":{"line":73,"column":4},"end":{"line":73,"column":57}},"21":{"start":{"line":77,"column":6},"end":{"line":77,"column":64}},"22":{"start":{"line":78,"column":6},"end":{"line":78,"column":55}},"23":{"start":{"line":79,"column":6},"end":{"line":79,"column":73}},"24":{"start":{"line":81,"column":6},"end":{"line":81,"column":3007}},"25":{"start":{"line":82,"column":9},"end":{"line":82,"column":43}},"26":{"start":{"line":88,"column":6},"end":{"line":88,"column":55}},"27":{"start":{"line":89,"column":6},"end":{"line":89,"column":72}},"28":{"start":{"line":91,"column":6},"end":{"line":91,"column":24}},"29":{"start":{"line":92,"column":6},"end":{"line":92,"column":40}},"30":{"start":{"line":101,"column":4},"end":{"line":101,"column":53}},"31":{"start":{"line":102,"column":4},"end":{"line":102,"column":72}},"32":{"start":{"line":104,"column":4},"end":{"line":104,"column":74}},"33":{"start":{"line":105,"column":4},"end":{"line":105,"column":32}},"34":{"start":{"line":106,"column":4},"end":{"line":106,"column":73}},"35":{"start":{"line":107,"column":4},"end":{"line":107,"column":56}},"36":{"start":{"line":108,"column":4},"end":{"line":108,"column":61}},"37":{"start":{"line":109,"column":4},"end":{"line":109,"column":48}},"38":{"start":{"line":111,"column":4},"end":{"line":111,"column":37}},"39":{"start":{"line":112,"column":4},"end":{"line":112,"column":42}},"40":{"start":{"line":113,"column":4},"end":{"line":113,"column":15}}},"branchMap":{"1":{"line":26,"type":"if","locations":[{"start":{"line":26,"column":4},"end":{"line":26,"column":4}},{"start":{"line":26,"column":4},"end":{"line":26,"column":4}}]},"2":{"line":27,"type":"if","locations":[{"start":{"line":27,"column":4},"end":{"line":27,"column":4}},{"start":{"line":27,"column":4},"end":{"line":27,"column":4}}]},"3":{"line":28,"type":"if","locations":[{"start":{"line":28,"column":4},"end":{"line":28,"column":4}},{"start":{"line":28,"column":4},"end":{"line":28,"column":4}}]},"4":{"line":33,"type":"if","locations":[{"start":{"line":33,"column":4},"end":{"line":33,"column":4}},{"start":{"line":33,"column":4},"end":{"line":33,"column":4}}]},"5":{"line":43,"type":"if","locations":[{"start":{"line":43,"column":4},"end":{"line":43,"column":4}},{"start":{"line":43,"column":4},"end":{"line":43,"column":4}}]},"6":{"line":55,"type":"if","locations":[{"start":{"line":55,"column":4},"end":{"line":55,"column":4}},{"start":{"line":55,"column":4},"end":{"line":55,"column":4}}]},"7":{"line":58,"type":"if","locations":[{"start":{"line":58,"column":4},"end":{"line":58,"column":4}},{"start":{"line":58,"column":4},"end":{"line":58,"column":4}}]},"8":{"line":62,"type":"if","locations":[{"start":{"line":62,"column":4},"end":{"line":62,"column":4}},{"start":{"line":62,"column":4},"end":{"line":62,"column":4}}]},"9":{"line":77,"type":"if","locations":[{"start":{"line":77,"column":6},"end":{"line":77,"column":6}},{"start":{"line":77,"column":6},"end":{"line":77,"column":6}}]},"10":{"line":81,"type":"if","locations":[{"start":{"line":81,"column":6},"end":{"line":81,"column":6}},{"start":{"line":81,"column":6},"end":{"line":81,"column":6}}]},"11":{"line":91,"type":"if","locations":[{"start":{"line":91,"column":6},"end":{"line":91,"column":6}},{"start":{"line":91,"column":6},"end":{"line":91,"column":6}}]},"12":{"line":101,"type":"if","locations":[{"start":{"line":101,"column":4},"end":{"line":101,"column":4}},{"start":{"line":101,"column":4},"end":{"line":101,"column":4}}]},"13":{"line":102,"type":"if","locations":[{"start":{"line":102,"column":4},"end":{"line":102,"column":4}},{"start":{"line":102,"column":4},"end":{"line":102,"column":4}}]},"14":{"line":105,"type":"if","locations":[{"start":{"line":105,"column":4},"end":{"line":105,"column":4}},{"start":{"line":105,"column":4},"end":{"line":105,"column":4}}]},"15":{"line":109,"type":"if","locations":[{"start":{"line":109,"column":4},"end":{"line":109,"column":4}},{"start":{"line":109,"column":4},"end":{"line":109,"column":4}}]},"16":{"line":111,"type":"if","locations":[{"start":{"line":111,"column":4},"end":{"line":111,"column":4}},{"start":{"line":111,"column":4},"end":{"line":111,"column":4}}]}}},"contracts/BBLib.sol":{"l":{"10":18,"13":320,"16":21,"19":26,"22":6,"25":0,"28":64,"31":0,"34":0,"37":0,"40":39,"43":0,"46":17,"49":49,"52":6,"54":6,"55":161,"57":5},"path":"/Users/trantho/Code/SmartContract/digital-contracts/src/contracts/BBLib.sol","s":{"1":18,"2":320,"3":21,"4":26,"5":6,"6":0,"7":64,"8":0,"9":0,"10":0,"11":39,"12":0,"13":17,"14":49,"15":6,"16":161,"17":5},"b":{},"f":{"1":18,"2":320,"3":21,"4":26,"5":6,"6":0,"7":64,"8":0,"9":0,"10":0,"11":39,"12":0,"13":17,"14":49,"15":6},"fnMap":{"1":{"name":"toB32","line":9,"loc":{"start":{"line":9,"column":1},"end":{"line":9,"column":59}}},"2":{"name":"toB32","line":12,"loc":{"start":{"line":12,"column":1},"end":{"line":12,"column":68}}},"3":{"name":"toB32","line":15,"loc":{"start":{"line":15,"column":1},"end":{"line":15,"column":70}}},"4":{"name":"toB32","line":18,"loc":{"start":{"line":18,"column":1},"end":{"line":18,"column":70}}},"5":{"name":"toB32","line":21,"loc":{"start":{"line":21,"column":1},"end":{"line":21,"column":72}}},"6":{"name":"toB32","line":24,"loc":{"start":{"line":24,"column":1},"end":{"line":24,"column":70}}},"7":{"name":"toB32","line":27,"loc":{"start":{"line":27,"column":1},"end":{"line":27,"column":79}}},"8":{"name":"toB32","line":30,"loc":{"start":{"line":30,"column":1},"end":{"line":30,"column":81}}},"9":{"name":"toB32","line":33,"loc":{"start":{"line":33,"column":1},"end":{"line":33,"column":83}}},"10":{"name":"toB32","line":36,"loc":{"start":{"line":36,"column":1},"end":{"line":36,"column":77}}},"11":{"name":"toB32","line":39,"loc":{"start":{"line":39,"column":1},"end":{"line":39,"column":79}}},"12":{"name":"toB32","line":42,"loc":{"start":{"line":42,"column":1},"end":{"line":42,"column":79}}},"13":{"name":"toB32","line":45,"loc":{"start":{"line":45,"column":1},"end":{"line":45,"column":79}}},"14":{"name":"toB32","line":48,"loc":{"start":{"line":48,"column":1},"end":{"line":48,"column":90}}},"15":{"name":"bytesToBytes32","line":51,"loc":{"start":{"line":51,"column":1},"end":{"line":51,"column":66}}}},"statementMap":{"1":{"start":{"line":10,"column":2},"end":{"line":10,"column":35}},"2":{"start":{"line":13,"column":2},"end":{"line":13,"column":37}},"3":{"start":{"line":16,"column":2},"end":{"line":16,"column":37}},"4":{"start":{"line":19,"column":2},"end":{"line":19,"column":37}},"5":{"start":{"line":22,"column":2},"end":{"line":22,"column":37}},"6":{"start":{"line":25,"column":2},"end":{"line":25,"column":37}},"7":{"start":{"line":28,"column":2},"end":{"line":28,"column":39}},"8":{"start":{"line":31,"column":2},"end":{"line":31,"column":39}},"9":{"start":{"line":34,"column":2},"end":{"line":34,"column":39}},"10":{"start":{"line":37,"column":2},"end":{"line":37,"column":39}},"11":{"start":{"line":40,"column":2},"end":{"line":40,"column":39}},"12":{"start":{"line":43,"column":2},"end":{"line":43,"column":39}},"13":{"start":{"line":46,"column":2},"end":{"line":46,"column":39}},"14":{"start":{"line":49,"column":2},"end":{"line":49,"column":41}},"15":{"start":{"line":54,"column":5},"end":{"line":54,"column":1898}},"16":{"start":{"line":55,"column":7},"end":{"line":55,"column":44}},"17":{"start":{"line":57,"column":5},"end":{"line":57,"column":15}}},"branchMap":{}},"contracts/BBParams.sol":{"l":{"10":5,"11":5,"15":3,"16":3,"17":3,"21":0,"25":1,"26":1,"30":1,"36":4,"37":4,"38":4,"39":3,"40":3,"41":3,"42":3,"43":3,"44":3,"45":3,"47":3,"48":3,"49":3,"50":3,"51":3,"52":3,"53":3,"54":3,"55":3,"59":1},"path":"/Users/trantho/Code/SmartContract/digital-contracts/src/contracts/BBParams.sol","s":{"1":5,"2":3,"3":3,"4":3,"5":0,"6":1,"7":1,"8":4,"9":4,"10":4,"11":3,"12":3,"13":3,"14":3,"15":3,"16":3,"17":3,"18":1},"b":{"1":[5,0],"2":[3,0],"3":[1,0],"4":[4,0],"5":[4,0],"6":[3,1],"7":[3,0],"8":[3,0],"9":[3,0],"10":[3,0],"11":[3,0],"12":[3,0],"13":[3,0]},"f":{"1":5,"2":3,"3":0,"4":1,"5":1,"6":4,"7":1},"fnMap":{"1":{"name":"onlyAdmin","line":9,"loc":{"start":{"line":9,"column":2},"end":{"line":9,"column":22}}},"2":{"name":"addAdmin","line":14,"loc":{"start":{"line":14,"column":2},"end":{"line":14,"column":61}}},"3":{"name":"isAdmin","line":20,"loc":{"start":{"line":20,"column":2},"end":{"line":20,"column":65}}},"4":{"name":"setFreelancerParams","line":24,"loc":{"start":{"line":24,"column":2},"end":{"line":24,"column":78}}},"5":{"name":"getFreelancerParams","line":29,"loc":{"start":{"line":29,"column":2},"end":{"line":29,"column":60}}},"6":{"name":"setVotingParams","line":33,"loc":{"start":{"line":33,"column":2},"end":{"line":35,"column":84}}},"7":{"name":"getVotingParams","line":58,"loc":{"start":{"line":58,"column":2},"end":{"line":58,"column":123}}}},"statementMap":{"1":{"start":{"line":10,"column":4},"end":{"line":10,"column":36}},"2":{"start":{"line":15,"column":4},"end":{"line":15,"column":31}},"3":{"start":{"line":16,"column":4},"end":{"line":16,"column":22}},"4":{"start":{"line":17,"column":4},"end":{"line":17,"column":31}},"5":{"start":{"line":21,"column":4},"end":{"line":21,"column":24}},"6":{"start":{"line":25,"column":3},"end":{"line":25,"column":36}},"7":{"start":{"line":30,"column":3},"end":{"line":30,"column":61}},"8":{"start":{"line":36,"column":3},"end":{"line":36,"column":23}},"9":{"start":{"line":37,"column":3},"end":{"line":37,"column":21}},"10":{"start":{"line":38,"column":4},"end":{"line":38,"column":31}},"11":{"start":{"line":39,"column":3},"end":{"line":39,"column":23}},"12":{"start":{"line":40,"column":3},"end":{"line":40,"column":25}},"13":{"start":{"line":41,"column":3},"end":{"line":41,"column":30}},"14":{"start":{"line":42,"column":3},"end":{"line":42,"column":27}},"15":{"start":{"line":43,"column":3},"end":{"line":43,"column":27}},"16":{"start":{"line":44,"column":3},"end":{"line":44,"column":23}},"17":{"start":{"line":45,"column":3},"end":{"line":45,"column":22}},"18":{"start":{"line":59,"column":3},"end":{"line":59,"column":2169}}},"branchMap":{"1":{"line":10,"type":"if","locations":[{"start":{"line":10,"column":4},"end":{"line":10,"column":4}},{"start":{"line":10,"column":4},"end":{"line":10,"column":4}}]},"2":{"line":15,"type":"if","locations":[{"start":{"line":15,"column":4},"end":{"line":15,"column":4}},{"start":{"line":15,"column":4},"end":{"line":15,"column":4}}]},"3":{"line":25,"type":"if","locations":[{"start":{"line":25,"column":3},"end":{"line":25,"column":3}},{"start":{"line":25,"column":3},"end":{"line":25,"column":3}}]},"4":{"line":36,"type":"if","locations":[{"start":{"line":36,"column":3},"end":{"line":36,"column":3}},{"start":{"line":36,"column":3},"end":{"line":36,"column":3}}]},"5":{"line":37,"type":"if","locations":[{"start":{"line":37,"column":3},"end":{"line":37,"column":3}},{"start":{"line":37,"column":3},"end":{"line":37,"column":3}}]},"6":{"line":38,"type":"if","locations":[{"start":{"line":38,"column":4},"end":{"line":38,"column":4}},{"start":{"line":38,"column":4},"end":{"line":38,"column":4}}]},"7":{"line":39,"type":"if","locations":[{"start":{"line":39,"column":3},"end":{"line":39,"column":3}},{"start":{"line":39,"column":3},"end":{"line":39,"column":3}}]},"8":{"line":40,"type":"if","locations":[{"start":{"line":40,"column":3},"end":{"line":40,"column":3}},{"start":{"line":40,"column":3},"end":{"line":40,"column":3}}]},"9":{"line":41,"type":"if","locations":[{"start":{"line":41,"column":3},"end":{"line":41,"column":3}},{"start":{"line":41,"column":3},"end":{"line":41,"column":3}}]},"10":{"line":42,"type":"if","locations":[{"start":{"line":42,"column":3},"end":{"line":42,"column":3}},{"start":{"line":42,"column":3},"end":{"line":42,"column":3}}]},"11":{"line":43,"type":"if","locations":[{"start":{"line":43,"column":3},"end":{"line":43,"column":3}},{"start":{"line":43,"column":3},"end":{"line":43,"column":3}}]},"12":{"line":44,"type":"if","locations":[{"start":{"line":44,"column":3},"end":{"line":44,"column":3}},{"start":{"line":44,"column":3},"end":{"line":44,"column":3}}]},"13":{"line":45,"type":"if","locations":[{"start":{"line":45,"column":3},"end":{"line":45,"column":3}},{"start":{"line":45,"column":3},"end":{"line":45,"column":3}}]}}},"contracts/BBPoll.sol":{"l":{"10":2,"18":9,"19":9,"20":9,"23":11,"24":11,"25":11,"28":2,"31":16,"40":2,"41":2,"42":2,"43":2,"44":2,"46":2,"49":2,"51":1,"53":1,"55":1,"57":1,"58":1,"59":1,"60":1,"61":1,"63":0,"65":0,"66":0,"69":1,"71":1,"73":1,"76":2,"87":4,"88":4,"89":4,"90":4,"91":4,"92":4,"93":4,"94":4,"95":0,"97":4,"99":4,"109":5,"110":4,"111":3,"114":3,"115":3,"116":3,"117":3,"118":3,"119":3,"120":3,"122":3,"124":3,"126":3,"128":3,"129":3,"132":3,"133":3,"134":3,"136":3,"139":3,"140":3,"141":3,"142":3,"144":3,"146":3,"156":5,"157":5,"158":4,"160":4,"161":4,"162":4,"163":3,"165":3,"166":3,"167":3,"169":3,"170":3},"path":"/Users/trantho/Code/SmartContract/digital-contracts/src/contracts/BBPoll.sol","s":{"1":2,"2":9,"3":9,"4":9,"5":11,"6":11,"7":11,"8":2,"9":16,"10":2,"11":2,"12":2,"13":2,"14":2,"15":2,"16":2,"17":1,"18":1,"19":1,"20":1,"21":1,"22":1,"23":1,"24":0,"25":0,"26":1,"27":1,"28":2,"29":4,"30":4,"31":4,"32":4,"33":4,"34":4,"35":4,"36":4,"37":0,"38":4,"39":4,"40":5,"41":4,"42":3,"43":3,"44":3,"45":3,"46":3,"47":3,"48":3,"49":3,"50":3,"51":3,"52":3,"53":3,"54":3,"55":3,"56":3,"57":5,"58":5,"59":4,"60":4,"61":4,"62":4,"63":3,"64":3,"65":3,"66":3},"b":{"1":[2,0],"2":[2,0],"3":[2,0],"4":[1,1],"5":[1,0],"6":[1,0],"7":[1,0],"8":[0,1],"9":[0,0],"10":[0,0],"11":[1,0],"12":[1,0],"13":[0,4],"14":[4,1],"15":[3,1],"16":[3,0],"17":[3,0],"18":[3,0],"19":[3,0],"20":[3,0],"21":[4,1],"22":[4,0],"23":[4,0],"24":[3,1],"25":[3,0],"26":[3,0]},"f":{"1":2,"2":9,"3":11,"4":2,"5":16,"6":2,"7":4,"8":5,"9":5},"fnMap":{"1":{"name":"setPayment","line":9,"loc":{"start":{"line":9,"column":2},"end":{"line":9,"column":50}}},"2":{"name":"canCreatePoll","line":17,"loc":{"start":{"line":17,"column":2},"end":{"line":17,"column":63}}},"3":{"name":"isDisputeJob","line":22,"loc":{"start":{"line":22,"column":2},"end":{"line":22,"column":59}}},"4":{"name":"isAgaintsPoll","line":27,"loc":{"start":{"line":27,"column":2},"end":{"line":27,"column":68}}},"5":{"name":"getPollID","line":30,"loc":{"start":{"line":30,"column":2},"end":{"line":30,"column":71}}},"6":{"name":"finalizePoll","line":38,"loc":{"start":{"line":38,"column":2},"end":{"line":39,"column":3}}},"7":{"name":"getPoll","line":86,"loc":{"start":{"line":86,"column":2},"end":{"line":86,"column":82}}},"8":{"name":"startPoll","line":107,"loc":{"start":{"line":107,"column":2},"end":{"line":108,"column":3}}},"9":{"name":"againstPoll","line":154,"loc":{"start":{"line":154,"column":2},"end":{"line":155,"column":3}}}},"statementMap":{"1":{"start":{"line":10,"column":4},"end":{"line":10,"column":35}},"2":{"start":{"line":18,"column":4},"end":{"line":18,"column":58}},"3":{"start":{"line":19,"column":4},"end":{"line":19,"column":74}},"4":{"start":{"line":20,"column":4},"end":{"line":20,"column":55}},"5":{"start":{"line":23,"column":4},"end":{"line":23,"column":66}},"6":{"start":{"line":24,"column":4},"end":{"line":24,"column":73}},"7":{"start":{"line":25,"column":4},"end":{"line":25,"column":50}},"8":{"start":{"line":28,"column":4},"end":{"line":28,"column":111}},"9":{"start":{"line":31,"column":4},"end":{"line":31,"column":55}},"10":{"start":{"line":40,"column":4},"end":{"line":40,"column":38}},"11":{"start":{"line":41,"column":4},"end":{"line":41,"column":39}},"12":{"start":{"line":42,"column":4},"end":{"line":42,"column":73}},"13":{"start":{"line":43,"column":4},"end":{"line":43,"column":33}},"14":{"start":{"line":44,"column":4},"end":{"line":44,"column":78}},"15":{"start":{"line":46,"column":4},"end":{"line":46,"column":88}},"16":{"start":{"line":49,"column":4},"end":{"line":49,"column":1923}},"17":{"start":{"line":53,"column":6},"end":{"line":53,"column":44}},"18":{"start":{"line":55,"column":6},"end":{"line":55,"column":45}},"19":{"start":{"line":57,"column":6},"end":{"line":57,"column":77}},"20":{"start":{"line":58,"column":6},"end":{"line":58,"column":60}},"21":{"start":{"line":59,"column":6},"end":{"line":59,"column":75}},"22":{"start":{"line":60,"column":6},"end":{"line":60,"column":79}},"23":{"start":{"line":61,"column":6},"end":{"line":61,"column":2533}},"24":{"start":{"line":65,"column":8},"end":{"line":65,"column":47}},"25":{"start":{"line":66,"column":8},"end":{"line":66,"column":49}},"26":{"start":{"line":71,"column":8},"end":{"line":71,"column":93}},"27":{"start":{"line":73,"column":8},"end":{"line":73,"column":47}},"28":{"start":{"line":76,"column":4},"end":{"line":76,"column":71}},"29":{"start":{"line":87,"column":4},"end":{"line":87,"column":38}},"30":{"start":{"line":88,"column":4},"end":{"line":88,"column":58}},"31":{"start":{"line":89,"column":4},"end":{"line":89,"column":73}},"32":{"start":{"line":90,"column":4},"end":{"line":90,"column":85}},"33":{"start":{"line":91,"column":4},"end":{"line":91,"column":89}},"34":{"start":{"line":92,"column":4},"end":{"line":92,"column":76}},"35":{"start":{"line":93,"column":4},"end":{"line":93,"column":22}},"36":{"start":{"line":94,"column":4},"end":{"line":94,"column":3926}},"37":{"start":{"line":95,"column":6},"end":{"line":95,"column":76}},"38":{"start":{"line":97,"column":6},"end":{"line":97,"column":78}},"39":{"start":{"line":99,"column":4},"end":{"line":99,"column":51}},"40":{"start":{"line":109,"column":4},"end":{"line":109,"column":39}},"41":{"start":{"line":110,"column":4},"end":{"line":110,"column":40}},"42":{"start":{"line":111,"column":4},"end":{"line":111,"column":78}},"43":{"start":{"line":114,"column":4},"end":{"line":114,"column":38}},"44":{"start":{"line":115,"column":4},"end":{"line":115,"column":70}},"45":{"start":{"line":116,"column":4},"end":{"line":116,"column":32}},"46":{"start":{"line":117,"column":4},"end":{"line":117,"column":66}},"47":{"start":{"line":118,"column":4},"end":{"line":118,"column":30}},"48":{"start":{"line":119,"column":4},"end":{"line":119,"column":66}},"49":{"start":{"line":120,"column":4},"end":{"line":120,"column":30}},"50":{"start":{"line":122,"column":4},"end":{"line":122,"column":63}},"51":{"start":{"line":124,"column":4},"end":{"line":124,"column":59}},"52":{"start":{"line":126,"column":4},"end":{"line":126,"column":57}},"53":{"start":{"line":128,"column":4},"end":{"line":128,"column":62}},"54":{"start":{"line":129,"column":4},"end":{"line":129,"column":65}},"55":{"start":{"line":132,"column":4},"end":{"line":132,"column":25}},"56":{"start":{"line":146,"column":4},"end":{"line":146,"column":41}},"57":{"start":{"line":156,"column":4},"end":{"line":156,"column":38}},"58":{"start":{"line":157,"column":4},"end":{"line":157,"column":40}},"59":{"start":{"line":158,"column":4},"end":{"line":158,"column":39}},"60":{"start":{"line":160,"column":4},"end":{"line":160,"column":73}},"61":{"start":{"line":161,"column":4},"end":{"line":161,"column":24}},"62":{"start":{"line":162,"column":4},"end":{"line":162,"column":31}},"63":{"start":{"line":163,"column":4},"end":{"line":163,"column":79}},"64":{"start":{"line":165,"column":4},"end":{"line":165,"column":88}},"65":{"start":{"line":166,"column":4},"end":{"line":166,"column":65}},"66":{"start":{"line":170,"column":4},"end":{"line":170,"column":43}}},"branchMap":{"1":{"line":41,"type":"if","locations":[{"start":{"line":41,"column":4},"end":{"line":41,"column":4}},{"start":{"line":41,"column":4},"end":{"line":41,"column":4}}]},"2":{"line":43,"type":"if","locations":[{"start":{"line":43,"column":4},"end":{"line":43,"column":4}},{"start":{"line":43,"column":4},"end":{"line":43,"column":4}}]},"3":{"line":44,"type":"if","locations":[{"start":{"line":44,"column":4},"end":{"line":44,"column":4}},{"start":{"line":44,"column":4},"end":{"line":44,"column":4}}]},"4":{"line":49,"type":"if","locations":[{"start":{"line":49,"column":4},"end":{"line":49,"column":4}},{"start":{"line":49,"column":4},"end":{"line":49,"column":4}}]},"5":{"line":53,"type":"if","locations":[{"start":{"line":53,"column":6},"end":{"line":53,"column":6}},{"start":{"line":53,"column":6},"end":{"line":53,"column":6}}]},"6":{"line":55,"type":"if","locations":[{"start":{"line":55,"column":6},"end":{"line":55,"column":6}},{"start":{"line":55,"column":6},"end":{"line":55,"column":6}}]},"7":{"line":57,"type":"if","locations":[{"start":{"line":57,"column":6},"end":{"line":57,"column":6}},{"start":{"line":57,"column":6},"end":{"line":57,"column":6}}]},"8":{"line":61,"type":"if","locations":[{"start":{"line":61,"column":6},"end":{"line":61,"column":6}},{"start":{"line":61,"column":6},"end":{"line":61,"column":6}}]},"9":{"line":65,"type":"if","locations":[{"start":{"line":65,"column":8},"end":{"line":65,"column":8}},{"start":{"line":65,"column":8},"end":{"line":65,"column":8}}]},"10":{"line":66,"type":"if","locations":[{"start":{"line":66,"column":8},"end":{"line":66,"column":8}},{"start":{"line":66,"column":8},"end":{"line":66,"column":8}}]},"11":{"line":71,"type":"if","locations":[{"start":{"line":71,"column":8},"end":{"line":71,"column":8}},{"start":{"line":71,"column":8},"end":{"line":71,"column":8}}]},"12":{"line":73,"type":"if","locations":[{"start":{"line":73,"column":8},"end":{"line":73,"column":8}},{"start":{"line":73,"column":8},"end":{"line":73,"column":8}}]},"13":{"line":94,"type":"if","locations":[{"start":{"line":94,"column":4},"end":{"line":94,"column":4}},{"start":{"line":94,"column":4},"end":{"line":94,"column":4}}]},"14":{"line":109,"type":"if","locations":[{"start":{"line":109,"column":4},"end":{"line":109,"column":4}},{"start":{"line":109,"column":4},"end":{"line":109,"column":4}}]},"15":{"line":110,"type":"if","locations":[{"start":{"line":110,"column":4},"end":{"line":110,"column":4}},{"start":{"line":110,"column":4},"end":{"line":110,"column":4}}]},"16":{"line":111,"type":"if","locations":[{"start":{"line":111,"column":4},"end":{"line":111,"column":4}},{"start":{"line":111,"column":4},"end":{"line":111,"column":4}}]},"17":{"line":116,"type":"if","locations":[{"start":{"line":116,"column":4},"end":{"line":116,"column":4}},{"start":{"line":116,"column":4},"end":{"line":116,"column":4}}]},"18":{"line":118,"type":"if","locations":[{"start":{"line":118,"column":4},"end":{"line":118,"column":4}},{"start":{"line":118,"column":4},"end":{"line":118,"column":4}}]},"19":{"line":120,"type":"if","locations":[{"start":{"line":120,"column":4},"end":{"line":120,"column":4}},{"start":{"line":120,"column":4},"end":{"line":120,"column":4}}]},"20":{"line":129,"type":"if","locations":[{"start":{"line":129,"column":4},"end":{"line":129,"column":4}},{"start":{"line":129,"column":4},"end":{"line":129,"column":4}}]},"21":{"line":157,"type":"if","locations":[{"start":{"line":157,"column":4},"end":{"line":157,"column":4}},{"start":{"line":157,"column":4},"end":{"line":157,"column":4}}]},"22":{"line":158,"type":"if","locations":[{"start":{"line":158,"column":4},"end":{"line":158,"column":4}},{"start":{"line":158,"column":4},"end":{"line":158,"column":4}}]},"23":{"line":161,"type":"if","locations":[{"start":{"line":161,"column":4},"end":{"line":161,"column":4}},{"start":{"line":161,"column":4},"end":{"line":161,"column":4}}]},"24":{"line":162,"type":"if","locations":[{"start":{"line":162,"column":4},"end":{"line":162,"column":4}},{"start":{"line":162,"column":4},"end":{"line":162,"column":4}}]},"25":{"line":163,"type":"if","locations":[{"start":{"line":163,"column":4},"end":{"line":163,"column":4}},{"start":{"line":163,"column":4},"end":{"line":163,"column":4}}]},"26":{"line":166,"type":"if","locations":[{"start":{"line":166,"column":4},"end":{"line":166,"column":4}},{"start":{"line":166,"column":4},"end":{"line":166,"column":4}}]}}},"contracts/BBStandard.sol":{"l":{"18":21,"27":21,"35":1,"36":0,"38":1,"39":1},"path":"/Users/trantho/Code/SmartContract/digital-contracts/src/contracts/BBStandard.sol","s":{"1":21,"2":21,"3":1,"4":1,"5":1},"b":{"1":[0,1],"2":[1,0],"3":[1,0]},"f":{"1":21,"2":21,"3":1},"fnMap":{"1":{"name":"setStorage","line":17,"loc":{"start":{"line":17,"column":2},"end":{"line":17,"column":62}}},"2":{"name":"setBBO","line":26,"loc":{"start":{"line":26,"column":2},"end":{"line":26,"column":54}}},"3":{"name":"withdrawTokens","line":34,"loc":{"start":{"line":34,"column":2},"end":{"line":34,"column":57}}}},"statementMap":{"1":{"start":{"line":18,"column":4},"end":{"line":18,"column":34}},"2":{"start":{"line":27,"column":4},"end":{"line":27,"column":26}},"3":{"start":{"line":35,"column":6},"end":{"line":35,"column":905}},"4":{"start":{"line":38,"column":6},"end":{"line":38,"column":1001}},"5":{"start":{"line":39,"column":10},"end":{"line":39,"column":70}}},"branchMap":{"1":{"line":35,"type":"if","locations":[{"start":{"line":35,"column":6},"end":{"line":35,"column":6}},{"start":{"line":35,"column":6},"end":{"line":35,"column":6}}]},"2":{"line":38,"type":"if","locations":[{"start":{"line":38,"column":6},"end":{"line":38,"column":6}},{"start":{"line":38,"column":6},"end":{"line":38,"column":6}}]},"3":{"line":39,"type":"if","locations":[{"start":{"line":39,"column":10},"end":{"line":39,"column":10}},{"start":{"line":39,"column":10},"end":{"line":39,"column":10}}]}}},"contracts/BBStorage.sol":{"l":{"33":281,"34":281,"42":32,"43":32,"45":30,"52":2,"53":2,"55":1,"62":203,"67":336,"72":2,"77":29,"82":66,"87":2,"96":44,"101":204,"106":1,"111":16,"116":9,"121":1,"129":1,"134":1,"139":1,"144":1,"149":1,"154":1},"path":"/Users/trantho/Code/SmartContract/digital-contracts/src/contracts/BBStorage.sol","s":{"1":281,"2":32,"3":32,"4":30,"5":2,"6":2,"7":1,"8":203,"9":336,"10":2,"11":29,"12":66,"13":2,"14":44,"15":204,"16":1,"17":16,"18":9,"19":1},"b":{"1":[281,0],"2":[32,0],"3":[30,2],"4":[2,0],"5":[1,1]},"f":{"1":281,"2":32,"3":2,"4":203,"5":336,"6":2,"7":29,"8":66,"9":2,"10":44,"11":204,"12":1,"13":16,"14":9,"15":1,"16":1,"17":1,"18":1,"19":1,"20":1,"21":1},"fnMap":{"1":{"name":"onlyAdminStorage","line":31,"loc":{"start":{"line":31,"column":4},"end":{"line":31,"column":29}}},"2":{"name":"addAdmin","line":41,"loc":{"start":{"line":41,"column":4},"end":{"line":41,"column":49}}},"3":{"name":"removeAdmin","line":51,"loc":{"start":{"line":51,"column":4},"end":{"line":51,"column":52}}},"4":{"name":"getAddress","line":61,"loc":{"start":{"line":61,"column":4},"end":{"line":61,"column":67}}},"5":{"name":"getUint","line":66,"loc":{"start":{"line":66,"column":4},"end":{"line":66,"column":61}}},"6":{"name":"getString","line":71,"loc":{"start":{"line":71,"column":4},"end":{"line":71,"column":65}}},"7":{"name":"getBytes","line":76,"loc":{"start":{"line":76,"column":4},"end":{"line":76,"column":63}}},"8":{"name":"getBool","line":81,"loc":{"start":{"line":81,"column":4},"end":{"line":81,"column":61}}},"9":{"name":"getInt","line":86,"loc":{"start":{"line":86,"column":4},"end":{"line":86,"column":59}}},"10":{"name":"setAddress","line":95,"loc":{"start":{"line":95,"column":4},"end":{"line":95,"column":77}}},"11":{"name":"setUint","line":100,"loc":{"start":{"line":100,"column":4},"end":{"line":100,"column":71}}},"12":{"name":"setString","line":105,"loc":{"start":{"line":105,"column":4},"end":{"line":105,"column":75}}},"13":{"name":"setBytes","line":110,"loc":{"start":{"line":110,"column":4},"end":{"line":110,"column":73}}},"14":{"name":"setBool","line":115,"loc":{"start":{"line":115,"column":4},"end":{"line":115,"column":71}}},"15":{"name":"setInt","line":120,"loc":{"start":{"line":120,"column":4},"end":{"line":120,"column":69}}},"16":{"name":"deleteAddress","line":128,"loc":{"start":{"line":128,"column":4},"end":{"line":128,"column":64}}},"17":{"name":"deleteUint","line":133,"loc":{"start":{"line":133,"column":4},"end":{"line":133,"column":61}}},"18":{"name":"deleteString","line":138,"loc":{"start":{"line":138,"column":4},"end":{"line":138,"column":63}}},"19":{"name":"deleteBytes","line":143,"loc":{"start":{"line":143,"column":4},"end":{"line":143,"column":62}}},"20":{"name":"deleteBool","line":148,"loc":{"start":{"line":148,"column":4},"end":{"line":148,"column":61}}},"21":{"name":"deleteInt","line":153,"loc":{"start":{"line":153,"column":4},"end":{"line":153,"column":60}}}},"statementMap":{"1":{"start":{"line":33,"column":8},"end":{"line":33,"column":80}},"2":{"start":{"line":42,"column":8},"end":{"line":42,"column":33}},"3":{"start":{"line":43,"column":8},"end":{"line":43,"column":71}},"4":{"start":{"line":45,"column":8},"end":{"line":45,"column":63}},"5":{"start":{"line":52,"column":8},"end":{"line":52,"column":33}},"6":{"start":{"line":53,"column":8},"end":{"line":53,"column":71}},"7":{"start":{"line":55,"column":8},"end":{"line":55,"column":64}},"8":{"start":{"line":62,"column":8},"end":{"line":62,"column":35}},"9":{"start":{"line":67,"column":8},"end":{"line":67,"column":32}},"10":{"start":{"line":72,"column":8},"end":{"line":72,"column":34}},"11":{"start":{"line":77,"column":8},"end":{"line":77,"column":33}},"12":{"start":{"line":82,"column":8},"end":{"line":82,"column":32}},"13":{"start":{"line":87,"column":8},"end":{"line":87,"column":31}},"14":{"start":{"line":96,"column":8},"end":{"line":96,"column":36}},"15":{"start":{"line":101,"column":8},"end":{"line":101,"column":33}},"16":{"start":{"line":106,"column":8},"end":{"line":106,"column":35}},"17":{"start":{"line":111,"column":8},"end":{"line":111,"column":34}},"18":{"start":{"line":116,"column":8},"end":{"line":116,"column":33}},"19":{"start":{"line":121,"column":8},"end":{"line":121,"column":32}}},"branchMap":{"1":{"line":33,"type":"if","locations":[{"start":{"line":33,"column":8},"end":{"line":33,"column":8}},{"start":{"line":33,"column":8},"end":{"line":33,"column":8}}]},"2":{"line":42,"type":"if","locations":[{"start":{"line":42,"column":8},"end":{"line":42,"column":8}},{"start":{"line":42,"column":8},"end":{"line":42,"column":8}}]},"3":{"line":43,"type":"if","locations":[{"start":{"line":43,"column":8},"end":{"line":43,"column":8}},{"start":{"line":43,"column":8},"end":{"line":43,"column":8}}]},"4":{"line":52,"type":"if","locations":[{"start":{"line":52,"column":8},"end":{"line":52,"column":8}},{"start":{"line":52,"column":8},"end":{"line":52,"column":8}}]},"5":{"line":53,"type":"if","locations":[{"start":{"line":53,"column":8},"end":{"line":53,"column":8}},{"start":{"line":53,"column":8},"end":{"line":53,"column":8}}]}}},"contracts/BBVoting.sol":{"l":{"21":24,"24":11,"25":11,"26":11,"27":11,"30":11,"34":0,"42":6,"43":6,"44":6,"45":5,"46":5,"55":0,"56":0,"57":0,"58":0,"59":0,"60":0,"61":0,"65":0,"75":5,"76":5,"77":5,"78":5,"79":5,"80":5,"81":5,"82":5,"84":5,"86":5,"87":5,"88":3,"90":4,"92":4,"93":4,"94":4,"104":0,"105":0,"106":0,"107":0,"118":6,"119":6,"120":6,"121":6,"123":6,"124":6,"126":6,"128":6,"129":6,"130":5,"131":3,"133":3,"135":3,"136":3,"144":1,"145":1,"146":1,"147":1,"148":0,"150":0,"151":0,"159":1,"160":1,"161":1,"162":0,"163":0,"164":0,"165":0,"166":0,"168":0,"171":0},"path":"/Users/trantho/Code/SmartContract/digital-contracts/src/contracts/BBVoting.sol","s":{"1":24,"2":11,"3":11,"4":11,"5":11,"6":0,"7":6,"8":6,"9":6,"10":5,"11":0,"12":0,"13":0,"14":0,"15":0,"16":0,"17":0,"18":5,"19":5,"20":5,"21":5,"22":5,"23":5,"24":5,"25":5,"26":5,"27":5,"28":5,"29":3,"30":4,"31":4,"32":0,"33":0,"34":0,"35":0,"36":6,"37":6,"38":6,"39":6,"40":6,"41":6,"42":6,"43":6,"44":6,"45":5,"46":3,"47":3,"48":1,"49":1,"50":1,"51":1,"52":0,"53":0,"54":1,"55":1,"56":1,"57":0,"58":0,"59":0,"60":0,"61":0,"62":0,"63":0},"b":{"1":[11,0],"2":[11,0],"3":[6,0],"4":[5,1],"5":[0,0],"6":[0,0],"7":[0,0],"8":[0,0],"9":[5,0],"10":[5,0],"11":[5,0],"12":[5,0],"13":[5,0],"14":[5,0],"15":[3,2],"16":[4,0],"17":[6,0],"18":[6,0],"19":[6,0],"20":[6,0],"21":[3,2],"22":[1,0],"23":[1,0],"24":[0,0],"25":[0,0],"26":[0,1],"27":[0,0]},"f":{"1":24,"2":11,"3":11,"4":0,"5":6,"6":0,"7":0,"8":5,"9":0,"10":6,"11":1,"12":1},"fnMap":{"1":{"name":"getPollID","line":20,"loc":{"start":{"line":20,"column":2},"end":{"line":20,"column":70}}},"2":{"name":"isDisputeJob","line":23,"loc":{"start":{"line":23,"column":2},"end":{"line":23,"column":37}}},"3":{"name":"isAgaintsPoll","line":29,"loc":{"start":{"line":29,"column":2},"end":{"line":29,"column":68}}},"4":{"name":"setBBOReward","line":33,"loc":{"start":{"line":33,"column":2},"end":{"line":33,"column":62}}},"5":{"name":"requestVotingRights","line":41,"loc":{"start":{"line":41,"column":2},"end":{"line":41,"column":56}}},"6":{"name":"withdrawVotingRights","line":53,"loc":{"start":{"line":53,"column":2},"end":{"line":54,"column":3}}},"7":{"name":"checkBalance","line":64,"loc":{"start":{"line":64,"column":2},"end":{"line":64,"column":60}}},"8":{"name":"commitVote","line":72,"loc":{"start":{"line":72,"column":2},"end":{"line":74,"column":3}}},"9":{"name":"checkHash","line":103,"loc":{"start":{"line":103,"column":2},"end":{"line":103,"column":87}}},"10":{"name":"revealVote","line":115,"loc":{"start":{"line":115,"column":2},"end":{"line":117,"column":3}}},"11":{"name":"claimReward","line":143,"loc":{"start":{"line":143,"column":2},"end":{"line":143,"column":44}}},"12":{"name":"calcReward","line":158,"loc":{"start":{"line":158,"column":2},"end":{"line":158,"column":78}}}},"statementMap":{"1":{"start":{"line":21,"column":4},"end":{"line":21,"column":55}},"2":{"start":{"line":24,"column":4},"end":{"line":24,"column":65}},"3":{"start":{"line":25,"column":4},"end":{"line":25,"column":26}},"4":{"start":{"line":26,"column":4},"end":{"line":26,"column":80}},"5":{"start":{"line":30,"column":4},"end":{"line":30,"column":107}},"6":{"start":{"line":34,"column":4},"end":{"line":34,"column":28}},"7":{"start":{"line":42,"column":4},"end":{"line":42,"column":50}},"8":{"start":{"line":43,"column":4},"end":{"line":43,"column":80}},"9":{"start":{"line":44,"column":4},"end":{"line":44,"column":66}},"10":{"start":{"line":46,"column":4},"end":{"line":46,"column":51}},"11":{"start":{"line":55,"column":4},"end":{"line":55,"column":80}},"12":{"start":{"line":56,"column":4},"end":{"line":56,"column":33}},"13":{"start":{"line":57,"column":4},"end":{"line":57,"column":26}},"14":{"start":{"line":58,"column":4},"end":{"line":58,"column":41}},"15":{"start":{"line":60,"column":4},"end":{"line":60,"column":47}},"16":{"start":{"line":61,"column":4},"end":{"line":61,"column":53}},"17":{"start":{"line":65,"column":4},"end":{"line":65,"column":62}},"18":{"start":{"line":75,"column":4},"end":{"line":75,"column":38}},"19":{"start":{"line":76,"column":4},"end":{"line":76,"column":57}},"20":{"start":{"line":77,"column":4},"end":{"line":77,"column":57}},"21":{"start":{"line":78,"column":4},"end":{"line":78,"column":30}},"22":{"start":{"line":79,"column":4},"end":{"line":79,"column":30}},"23":{"start":{"line":80,"column":4},"end":{"line":80,"column":40}},"24":{"start":{"line":81,"column":4},"end":{"line":81,"column":77}},"25":{"start":{"line":82,"column":4},"end":{"line":82,"column":74}},"26":{"start":{"line":84,"column":4},"end":{"line":84,"column":27}},"27":{"start":{"line":86,"column":4},"end":{"line":86,"column":80}},"28":{"start":{"line":87,"column":4},"end":{"line":87,"column":3118}},"29":{"start":{"line":88,"column":6},"end":{"line":88,"column":54}},"30":{"start":{"line":90,"column":4},"end":{"line":90,"column":72}},"31":{"start":{"line":94,"column":4},"end":{"line":94,"column":43}},"32":{"start":{"line":104,"column":4},"end":{"line":104,"column":38}},"33":{"start":{"line":105,"column":4},"end":{"line":105,"column":48}},"34":{"start":{"line":106,"column":4},"end":{"line":106,"column":112}},"35":{"start":{"line":107,"column":4},"end":{"line":107,"column":35}},"36":{"start":{"line":118,"column":4},"end":{"line":118,"column":38}},"37":{"start":{"line":119,"column":4},"end":{"line":119,"column":40}},"38":{"start":{"line":120,"column":4},"end":{"line":120,"column":74}},"39":{"start":{"line":121,"column":4},"end":{"line":121,"column":74}},"40":{"start":{"line":123,"column":4},"end":{"line":123,"column":80}},"41":{"start":{"line":124,"column":4},"end":{"line":124,"column":79}},"42":{"start":{"line":126,"column":4},"end":{"line":126,"column":36}},"43":{"start":{"line":128,"column":4},"end":{"line":128,"column":48}},"44":{"start":{"line":129,"column":4},"end":{"line":129,"column":113}},"45":{"start":{"line":130,"column":4},"end":{"line":130,"column":36}},"46":{"start":{"line":131,"column":4},"end":{"line":131,"column":80}},"47":{"start":{"line":136,"column":4},"end":{"line":136,"column":65}},"48":{"start":{"line":144,"column":4},"end":{"line":144,"column":38}},"49":{"start":{"line":145,"column":4},"end":{"line":145,"column":74}},"50":{"start":{"line":146,"column":4},"end":{"line":146,"column":87}},"51":{"start":{"line":147,"column":4},"end":{"line":147,"column":42}},"52":{"start":{"line":148,"column":4},"end":{"line":148,"column":26}},"53":{"start":{"line":151,"column":4},"end":{"line":151,"column":62}},"54":{"start":{"line":159,"column":4},"end":{"line":159,"column":38}},"55":{"start":{"line":160,"column":4},"end":{"line":160,"column":74}},"56":{"start":{"line":161,"column":4},"end":{"line":161,"column":32}},"57":{"start":{"line":162,"column":4},"end":{"line":162,"column":85}},"58":{"start":{"line":163,"column":4},"end":{"line":163,"column":6230}},"59":{"start":{"line":164,"column":6},"end":{"line":164,"column":82}},"60":{"start":{"line":165,"column":6},"end":{"line":165,"column":86}},"61":{"start":{"line":166,"column":6},"end":{"line":166,"column":90}},"62":{"start":{"line":168,"column":6},"end":{"line":168,"column":52}},"63":{"start":{"line":171,"column":6},"end":{"line":171,"column":54}}},"branchMap":{"1":{"line":25,"type":"if","locations":[{"start":{"line":25,"column":4},"end":{"line":25,"column":4}},{"start":{"line":25,"column":4},"end":{"line":25,"column":4}}]},"2":{"line":26,"type":"if","locations":[{"start":{"line":26,"column":4},"end":{"line":26,"column":4}},{"start":{"line":26,"column":4},"end":{"line":26,"column":4}}]},"3":{"line":42,"type":"if","locations":[{"start":{"line":42,"column":4},"end":{"line":42,"column":4}},{"start":{"line":42,"column":4},"end":{"line":42,"column":4}}]},"4":{"line":44,"type":"if","locations":[{"start":{"line":44,"column":4},"end":{"line":44,"column":4}},{"start":{"line":44,"column":4},"end":{"line":44,"column":4}}]},"5":{"line":56,"type":"if","locations":[{"start":{"line":56,"column":4},"end":{"line":56,"column":4}},{"start":{"line":56,"column":4},"end":{"line":56,"column":4}}]},"6":{"line":57,"type":"if","locations":[{"start":{"line":57,"column":4},"end":{"line":57,"column":4}},{"start":{"line":57,"column":4},"end":{"line":57,"column":4}}]},"7":{"line":58,"type":"if","locations":[{"start":{"line":58,"column":4},"end":{"line":58,"column":4}},{"start":{"line":58,"column":4},"end":{"line":58,"column":4}}]},"8":{"line":60,"type":"if","locations":[{"start":{"line":60,"column":4},"end":{"line":60,"column":4}},{"start":{"line":60,"column":4},"end":{"line":60,"column":4}}]},"9":{"line":78,"type":"if","locations":[{"start":{"line":78,"column":4},"end":{"line":78,"column":4}},{"start":{"line":78,"column":4},"end":{"line":78,"column":4}}]},"10":{"line":79,"type":"if","locations":[{"start":{"line":79,"column":4},"end":{"line":79,"column":4}},{"start":{"line":79,"column":4},"end":{"line":79,"column":4}}]},"11":{"line":80,"type":"if","locations":[{"start":{"line":80,"column":4},"end":{"line":80,"column":4}},{"start":{"line":80,"column":4},"end":{"line":80,"column":4}}]},"12":{"line":81,"type":"if","locations":[{"start":{"line":81,"column":4},"end":{"line":81,"column":4}},{"start":{"line":81,"column":4},"end":{"line":81,"column":4}}]},"13":{"line":82,"type":"if","locations":[{"start":{"line":82,"column":4},"end":{"line":82,"column":4}},{"start":{"line":82,"column":4},"end":{"line":82,"column":4}}]},"14":{"line":84,"type":"if","locations":[{"start":{"line":84,"column":4},"end":{"line":84,"column":4}},{"start":{"line":84,"column":4},"end":{"line":84,"column":4}}]},"15":{"line":87,"type":"if","locations":[{"start":{"line":87,"column":4},"end":{"line":87,"column":4}},{"start":{"line":87,"column":4},"end":{"line":87,"column":4}}]},"16":{"line":90,"type":"if","locations":[{"start":{"line":90,"column":4},"end":{"line":90,"column":4}},{"start":{"line":90,"column":4},"end":{"line":90,"column":4}}]},"17":{"line":119,"type":"if","locations":[{"start":{"line":119,"column":4},"end":{"line":119,"column":4}},{"start":{"line":119,"column":4},"end":{"line":119,"column":4}}]},"18":{"line":120,"type":"if","locations":[{"start":{"line":120,"column":4},"end":{"line":120,"column":4}},{"start":{"line":120,"column":4},"end":{"line":120,"column":4}}]},"19":{"line":121,"type":"if","locations":[{"start":{"line":121,"column":4},"end":{"line":121,"column":4}},{"start":{"line":121,"column":4},"end":{"line":121,"column":4}}]},"20":{"line":126,"type":"if","locations":[{"start":{"line":126,"column":4},"end":{"line":126,"column":4}},{"start":{"line":126,"column":4},"end":{"line":126,"column":4}}]},"21":{"line":130,"type":"if","locations":[{"start":{"line":130,"column":4},"end":{"line":130,"column":4}},{"start":{"line":130,"column":4},"end":{"line":130,"column":4}}]},"22":{"line":145,"type":"if","locations":[{"start":{"line":145,"column":4},"end":{"line":145,"column":4}},{"start":{"line":145,"column":4},"end":{"line":145,"column":4}}]},"23":{"line":146,"type":"if","locations":[{"start":{"line":146,"column":4},"end":{"line":146,"column":4}},{"start":{"line":146,"column":4},"end":{"line":146,"column":4}}]},"24":{"line":148,"type":"if","locations":[{"start":{"line":148,"column":4},"end":{"line":148,"column":4}},{"start":{"line":148,"column":4},"end":{"line":148,"column":4}}]},"25":{"line":151,"type":"if","locations":[{"start":{"line":151,"column":4},"end":{"line":151,"column":4}},{"start":{"line":151,"column":4},"end":{"line":151,"column":4}}]},"26":{"line":161,"type":"if","locations":[{"start":{"line":161,"column":4},"end":{"line":161,"column":4}},{"start":{"line":161,"column":4},"end":{"line":161,"column":4}}]},"27":{"line":163,"type":"if","locations":[{"start":{"line":163,"column":4},"end":{"line":163,"column":4}},{"start":{"line":163,"column":4},"end":{"line":163,"column":4}}]}}},"contracts/BigbomDigitalContract.sol":{"l":{"27":1,"34":1,"38":4,"39":3,"44":1,"46":1,"48":1,"49":1,"51":0,"54":1,"63":3,"64":3,"76":1,"77":1,"78":1,"79":1,"80":2,"81":1,"83":1,"85":2,"87":1,"99":1,"100":1,"101":1,"102":1,"103":1,"104":1,"105":1,"107":1,"124":1,"126":1,"129":1,"132":1,"136":1,"138":1,"140":1,"142":1,"144":1,"147":1,"148":1,"150":1,"152":1,"163":2,"164":2,"166":2,"168":2,"180":2,"182":2,"184":2,"186":2,"187":2},"path":"/Users/trantho/Code/SmartContract/digital-contracts/src/contracts/BigbomDigitalContract.sol","s":{"1":1,"2":1,"3":4,"4":1,"5":1,"6":1,"7":1,"8":0,"9":3,"10":3,"11":1,"12":1,"13":1,"14":1,"15":2,"16":1,"17":1,"18":2,"19":1,"20":1,"21":1,"22":1,"23":1,"24":1,"25":1,"26":1,"27":1,"28":1,"29":1,"30":1,"31":1,"32":1,"33":1,"34":1,"35":1,"36":2,"37":2,"38":2,"39":2,"40":2},"b":{"1":[3,1],"2":[1,0],"3":[1,0],"4":[1,1],"5":[1,0],"6":[1,0],"7":[1,0],"8":[1,0],"9":[2,0],"10":[2,0],"11":[2,0]},"f":{"1":1,"2":1,"3":4,"4":1,"5":3,"6":1,"7":1,"8":1,"9":2,"10":2},"fnMap":{"1":{"name":"setStorage","line":26,"loc":{"start":{"line":26,"column":2},"end":{"line":26,"column":62}}},"2":{"name":"getStorage","line":32,"loc":{"start":{"line":32,"column":2},"end":{"line":32,"column":57}}},"3":{"name":"userIsOwnerSign","line":37,"loc":{"start":{"line":37,"column":2},"end":{"line":37,"column":59}}},"4":{"name":"isUniqueAddress","line":43,"loc":{"start":{"line":43,"column":2},"end":{"line":43,"column":64}}},"5":{"name":"verifyBBODocument","line":62,"loc":{"start":{"line":62,"column":2},"end":{"line":62,"column":89}}},"6":{"name":"getAddressesByDocHash","line":74,"loc":{"start":{"line":74,"column":2},"end":{"line":74,"column":88}}},"7":{"name":"getDocuments","line":97,"loc":{"start":{"line":97,"column":2},"end":{"line":97,"column":71}}},"8":{"name":"createAndSignBBODocument","line":119,"loc":{"start":{"line":119,"column":2},"end":{"line":122,"column":4}}},"9":{"name":"setDocToAddress","line":161,"loc":{"start":{"line":161,"column":2},"end":{"line":161,"column":63}}},"10":{"name":"signBBODocument","line":176,"loc":{"start":{"line":176,"column":2},"end":{"line":178,"column":4}}}},"statementMap":{"1":{"start":{"line":27,"column":4},"end":{"line":27,"column":34}},"2":{"start":{"line":34,"column":4},"end":{"line":34,"column":14}},"3":{"start":{"line":38,"column":3},"end":{"line":38,"column":83}},"4":{"start":{"line":44,"column":5},"end":{"line":44,"column":993}},"5":{"start":{"line":46,"column":7},"end":{"line":46,"column":39}},"6":{"start":{"line":48,"column":7},"end":{"line":48,"column":1151}},"7":{"start":{"line":49,"column":9},"end":{"line":49,"column":79}},"8":{"start":{"line":51,"column":9},"end":{"line":51,"column":16}},"9":{"start":{"line":63,"column":3},"end":{"line":63,"column":79}},"10":{"start":{"line":64,"column":3},"end":{"line":64,"column":117}},"11":{"start":{"line":76,"column":4},"end":{"line":76,"column":69}},"12":{"start":{"line":77,"column":4},"end":{"line":77,"column":53}},"13":{"start":{"line":78,"column":4},"end":{"line":78,"column":44}},"14":{"start":{"line":79,"column":4},"end":{"line":79,"column":2222}},"15":{"start":{"line":80,"column":6},"end":{"line":80,"column":2341}},"16":{"start":{"line":81,"column":6},"end":{"line":81,"column":85}},"17":{"start":{"line":83,"column":6},"end":{"line":83,"column":88}},"18":{"start":{"line":85,"column":6},"end":{"line":85,"column":124}},"19":{"start":{"line":87,"column":4},"end":{"line":87,"column":30}},"20":{"start":{"line":99,"column":4},"end":{"line":99,"column":30}},"21":{"start":{"line":100,"column":4},"end":{"line":100,"column":69}},"22":{"start":{"line":101,"column":4},"end":{"line":101,"column":59}},"23":{"start":{"line":102,"column":4},"end":{"line":102,"column":3022}},"24":{"start":{"line":103,"column":5},"end":{"line":103,"column":77}},"25":{"start":{"line":104,"column":5},"end":{"line":104,"column":74}},"26":{"start":{"line":105,"column":5},"end":{"line":105,"column":96}},"27":{"start":{"line":107,"column":4},"end":{"line":107,"column":41}},"28":{"start":{"line":124,"column":5},"end":{"line":124,"column":35}},"29":{"start":{"line":126,"column":4},"end":{"line":126,"column":71}},"30":{"start":{"line":129,"column":5},"end":{"line":129,"column":40}},"31":{"start":{"line":132,"column":5},"end":{"line":132,"column":40}},"32":{"start":{"line":144,"column":5},"end":{"line":144,"column":43}},"33":{"start":{"line":147,"column":5},"end":{"line":147,"column":4899}},"34":{"start":{"line":150,"column":8},"end":{"line":150,"column":55}},"35":{"start":{"line":152,"column":5},"end":{"line":152,"column":51}},"36":{"start":{"line":163,"column":5},"end":{"line":163,"column":69}},"37":{"start":{"line":180,"column":5},"end":{"line":180,"column":70}},"38":{"start":{"line":182,"column":5},"end":{"line":182,"column":122}},"39":{"start":{"line":184,"column":5},"end":{"line":184,"column":91}},"40":{"start":{"line":187,"column":5},"end":{"line":187,"column":51}}},"branchMap":{"1":{"line":38,"type":"if","locations":[{"start":{"line":38,"column":3},"end":{"line":38,"column":3}},{"start":{"line":38,"column":3},"end":{"line":38,"column":3}}]},"2":{"line":46,"type":"if","locations":[{"start":{"line":46,"column":7},"end":{"line":46,"column":7}},{"start":{"line":46,"column":7},"end":{"line":46,"column":7}}]},"3":{"line":48,"type":"if","locations":[{"start":{"line":48,"column":7},"end":{"line":48,"column":7}},{"start":{"line":48,"column":7},"end":{"line":48,"column":7}}]},"4":{"line":80,"type":"if","locations":[{"start":{"line":80,"column":6},"end":{"line":80,"column":6}},{"start":{"line":80,"column":6},"end":{"line":80,"column":6}}]},"5":{"line":124,"type":"if","locations":[{"start":{"line":124,"column":5},"end":{"line":124,"column":5}},{"start":{"line":124,"column":5},"end":{"line":124,"column":5}}]},"6":{"line":126,"type":"if","locations":[{"start":{"line":126,"column":4},"end":{"line":126,"column":4}},{"start":{"line":126,"column":4},"end":{"line":126,"column":4}}]},"7":{"line":129,"type":"if","locations":[{"start":{"line":129,"column":5},"end":{"line":129,"column":5}},{"start":{"line":129,"column":5},"end":{"line":129,"column":5}}]},"8":{"line":132,"type":"if","locations":[{"start":{"line":132,"column":5},"end":{"line":132,"column":5}},{"start":{"line":132,"column":5},"end":{"line":132,"column":5}}]},"9":{"line":180,"type":"if","locations":[{"start":{"line":180,"column":5},"end":{"line":180,"column":5}},{"start":{"line":180,"column":5},"end":{"line":180,"column":5}}]},"10":{"line":182,"type":"if","locations":[{"start":{"line":182,"column":5},"end":{"line":182,"column":5}},{"start":{"line":182,"column":5},"end":{"line":182,"column":5}}]},"11":{"line":184,"type":"if","locations":[{"start":{"line":184,"column":5},"end":{"line":184,"column":5}},{"start":{"line":184,"column":5},"end":{"line":184,"column":5}}]}}}}