{"contracts/BBDispute.sol":{"l":{"10":0,"19":0,"20":0,"21":0,"24":0,"25":0,"26":0,"29":0,"30":0,"31":0,"34":0,"37":0,"46":0,"47":0,"48":0,"49":0,"50":0,"52":0,"55":0,"57":0,"59":0,"61":0,"63":0,"64":0,"65":0,"66":0,"67":0,"69":0,"71":0,"72":0,"74":0,"77":0,"79":0,"81":0,"84":0,"95":0,"96":0,"97":0,"98":0,"99":0,"100":0,"110":0,"111":0,"112":0,"113":0,"116":0,"117":0,"118":0,"119":0,"120":0,"121":0,"122":0,"124":0,"126":0,"128":0,"131":0,"132":0,"134":0,"137":0,"138":0,"139":0,"141":0,"144":0,"145":0,"146":0,"148":0,"150":0,"160":0,"161":0,"162":0,"164":0,"165":0,"166":0,"167":0,"168":0,"173":0,"174":0,"175":0,"177":0,"178":0,"182":0,"183":0,"184":0,"185":0,"186":0,"187":0,"188":0,"189":0,"190":0,"191":0,"192":0,"194":0,"195":0,"197":0,"198":0,"202":0,"203":0,"204":0,"205":0,"206":0,"208":0,"209":0,"210":0,"211":0,"212":0,"214":0,"216":0,"218":0,"219":0,"221":0},"path":"/Users/trantho/Code/SmartContract/digital-contracts/src/contracts/BBDispute.sol","s":{"1":0,"2":0,"3":0,"4":0,"5":0,"6":0,"7":0,"8":0,"9":0,"10":0,"11":0,"12":0,"13":0,"14":0,"15":0,"16":0,"17":0,"18":0,"19":0,"20":0,"21":0,"22":0,"23":0,"24":0,"25":0,"26":0,"27":0,"28":0,"29":0,"30":0,"31":0,"32":0,"33":0,"34":0,"35":0,"36":0,"37":0,"38":0,"39":0,"40":0,"41":0,"42":0,"43":0,"44":0,"45":0,"46":0,"47":0,"48":0,"49":0,"50":0,"51":0,"52":0,"53":0,"54":0,"55":0,"56":0,"57":0,"58":0,"59":0,"60":0,"61":0,"62":0,"63":0,"64":0,"65":0,"66":0,"67":0,"68":0,"69":0,"70":0,"71":0,"72":0,"73":0,"74":0,"75":0,"76":0,"77":0,"78":0,"79":0,"80":0,"81":0,"82":0,"83":0,"84":0,"85":0,"86":0,"87":0,"88":0,"89":0,"90":0,"91":0,"92":0,"93":0},"b":{"1":[0,0],"2":[0,0],"3":[0,0],"4":[0,0],"5":[0,0],"6":[0,0],"7":[0,0],"8":[0,0],"9":[0,0],"10":[0,0],"11":[0,0],"12":[0,0],"13":[0,0],"14":[0,0],"15":[0,0],"16":[0,0],"17":[0,0],"18":[0,0],"19":[0,0],"20":[0,0],"21":[0,0],"22":[0,0],"23":[0,0],"24":[0,0],"25":[0,0],"26":[0,0],"27":[0,0],"28":[0,0],"29":[0,0],"30":[0,0],"31":[0,0],"32":[0,0],"33":[0,0],"34":[0,0],"35":[0,0],"36":[0,0],"37":[0,0],"38":[0,0]},"f":{"1":0,"2":0,"3":0,"4":0,"5":0,"6":0,"7":0,"8":0,"9":0,"10":0,"11":0,"12":0,"13":0,"14":0},"fnMap":{"1":{"name":"setPayment","line":9,"loc":{"start":{"line":9,"column":2},"end":{"line":9,"column":50}}},"2":{"name":"canCreatePoll","line":18,"loc":{"start":{"line":18,"column":2},"end":{"line":18,"column":72}}},"3":{"name":"isDisputeJob","line":23,"loc":{"start":{"line":23,"column":2},"end":{"line":23,"column":70}}},"4":{"name":"isDisputingJob","line":28,"loc":{"start":{"line":28,"column":2},"end":{"line":28,"column":72}}},"5":{"name":"isAgaintsPoll","line":33,"loc":{"start":{"line":33,"column":2},"end":{"line":33,"column":70}}},"6":{"name":"getPollID","line":36,"loc":{"start":{"line":36,"column":2},"end":{"line":36,"column":71}}},"7":{"name":"finalizePoll","line":44,"loc":{"start":{"line":44,"column":2},"end":{"line":45,"column":3}}},"8":{"name":"getPoll","line":94,"loc":{"start":{"line":94,"column":2},"end":{"line":94,"column":76}}},"9":{"name":"startPoll","line":108,"loc":{"start":{"line":108,"column":2},"end":{"line":109,"column":3}}},"10":{"name":"doStartPoll","line":115,"loc":{"start":{"line":115,"column":2},"end":{"line":115,"column":63}}},"11":{"name":"againstPoll","line":158,"loc":{"start":{"line":158,"column":2},"end":{"line":159,"column":3}}},"12":{"name":"doAgainstPoll","line":170,"loc":{"start":{"line":170,"column":2},"end":{"line":171,"column":3}}},"13":{"name":"whiteflagPoll","line":181,"loc":{"start":{"line":181,"column":2},"end":{"line":181,"column":45}}},"14":{"name":"extendPoll","line":201,"loc":{"start":{"line":201,"column":2},"end":{"line":201,"column":42}}}},"statementMap":{"1":{"start":{"line":10,"column":4},"end":{"line":10,"column":35}},"2":{"start":{"line":19,"column":4},"end":{"line":19,"column":58}},"3":{"start":{"line":20,"column":4},"end":{"line":20,"column":74}},"4":{"start":{"line":21,"column":4},"end":{"line":21,"column":55}},"5":{"start":{"line":24,"column":4},"end":{"line":24,"column":66}},"6":{"start":{"line":25,"column":4},"end":{"line":25,"column":73}},"7":{"start":{"line":26,"column":4},"end":{"line":26,"column":47}},"8":{"start":{"line":29,"column":4},"end":{"line":29,"column":66}},"9":{"start":{"line":30,"column":4},"end":{"line":30,"column":73}},"10":{"start":{"line":31,"column":4},"end":{"line":31,"column":47}},"11":{"start":{"line":34,"column":4},"end":{"line":34,"column":107}},"12":{"start":{"line":37,"column":4},"end":{"line":37,"column":55}},"13":{"start":{"line":46,"column":4},"end":{"line":46,"column":35}},"14":{"start":{"line":47,"column":4},"end":{"line":47,"column":41}},"15":{"start":{"line":48,"column":4},"end":{"line":48,"column":73}},"16":{"start":{"line":49,"column":4},"end":{"line":49,"column":33}},"17":{"start":{"line":50,"column":4},"end":{"line":50,"column":75}},"18":{"start":{"line":52,"column":4},"end":{"line":52,"column":85}},"19":{"start":{"line":55,"column":4},"end":{"line":55,"column":2382}},"20":{"start":{"line":59,"column":6},"end":{"line":59,"column":44}},"21":{"start":{"line":61,"column":6},"end":{"line":61,"column":45}},"22":{"start":{"line":63,"column":6},"end":{"line":63,"column":74}},"23":{"start":{"line":64,"column":6},"end":{"line":64,"column":60}},"24":{"start":{"line":65,"column":6},"end":{"line":65,"column":75}},"25":{"start":{"line":66,"column":6},"end":{"line":66,"column":66}},"26":{"start":{"line":67,"column":6},"end":{"line":67,"column":2976}},"27":{"start":{"line":71,"column":8},"end":{"line":71,"column":47}},"28":{"start":{"line":72,"column":8},"end":{"line":72,"column":49}},"29":{"start":{"line":79,"column":8},"end":{"line":79,"column":93}},"30":{"start":{"line":81,"column":8},"end":{"line":81,"column":47}},"31":{"start":{"line":84,"column":4},"end":{"line":84,"column":76}},"32":{"start":{"line":95,"column":4},"end":{"line":95,"column":35}},"33":{"start":{"line":96,"column":4},"end":{"line":96,"column":58}},"34":{"start":{"line":97,"column":4},"end":{"line":97,"column":73}},"35":{"start":{"line":98,"column":4},"end":{"line":98,"column":82}},"36":{"start":{"line":99,"column":4},"end":{"line":99,"column":86}},"37":{"start":{"line":100,"column":4},"end":{"line":100,"column":43}},"38":{"start":{"line":110,"column":4},"end":{"line":110,"column":39}},"39":{"start":{"line":111,"column":4},"end":{"line":111,"column":40}},"40":{"start":{"line":112,"column":4},"end":{"line":112,"column":78}},"41":{"start":{"line":113,"column":4},"end":{"line":113,"column":42}},"42":{"start":{"line":116,"column":4},"end":{"line":116,"column":35}},"43":{"start":{"line":117,"column":4},"end":{"line":117,"column":72}},"44":{"start":{"line":118,"column":4},"end":{"line":118,"column":32}},"45":{"start":{"line":119,"column":4},"end":{"line":119,"column":68}},"46":{"start":{"line":120,"column":4},"end":{"line":120,"column":30}},"47":{"start":{"line":121,"column":4},"end":{"line":121,"column":68}},"48":{"start":{"line":122,"column":4},"end":{"line":122,"column":30}},"49":{"start":{"line":124,"column":4},"end":{"line":124,"column":63}},"50":{"start":{"line":126,"column":4},"end":{"line":126,"column":59}},"51":{"start":{"line":128,"column":4},"end":{"line":128,"column":57}},"52":{"start":{"line":131,"column":4},"end":{"line":131,"column":64}},"53":{"start":{"line":132,"column":4},"end":{"line":132,"column":65}},"54":{"start":{"line":137,"column":4},"end":{"line":137,"column":19}},"55":{"start":{"line":150,"column":4},"end":{"line":150,"column":65}},"56":{"start":{"line":160,"column":4},"end":{"line":160,"column":35}},"57":{"start":{"line":161,"column":4},"end":{"line":161,"column":40}},"58":{"start":{"line":162,"column":4},"end":{"line":162,"column":41}},"59":{"start":{"line":164,"column":4},"end":{"line":164,"column":73}},"60":{"start":{"line":165,"column":4},"end":{"line":165,"column":24}},"61":{"start":{"line":166,"column":4},"end":{"line":166,"column":31}},"62":{"start":{"line":167,"column":4},"end":{"line":167,"column":76}},"63":{"start":{"line":168,"column":4},"end":{"line":168,"column":65}},"64":{"start":{"line":173,"column":4},"end":{"line":173,"column":85}},"65":{"start":{"line":174,"column":4},"end":{"line":174,"column":65}},"66":{"start":{"line":178,"column":4},"end":{"line":178,"column":74}},"67":{"start":{"line":182,"column":4},"end":{"line":182,"column":35}},"68":{"start":{"line":183,"column":4},"end":{"line":183,"column":40}},"69":{"start":{"line":184,"column":4},"end":{"line":184,"column":41}},"70":{"start":{"line":185,"column":4},"end":{"line":185,"column":64}},"71":{"start":{"line":186,"column":4},"end":{"line":186,"column":28}},"72":{"start":{"line":187,"column":4},"end":{"line":187,"column":30}},"73":{"start":{"line":188,"column":4},"end":{"line":188,"column":58}},"74":{"start":{"line":189,"column":4},"end":{"line":189,"column":73}},"75":{"start":{"line":190,"column":4},"end":{"line":190,"column":62}},"76":{"start":{"line":192,"column":4},"end":{"line":192,"column":86}},"77":{"start":{"line":194,"column":4},"end":{"line":194,"column":44}},"78":{"start":{"line":195,"column":4},"end":{"line":195,"column":46}},"79":{"start":{"line":197,"column":4},"end":{"line":197,"column":43}},"80":{"start":{"line":198,"column":4},"end":{"line":198,"column":58}},"81":{"start":{"line":202,"column":4},"end":{"line":202,"column":40}},"82":{"start":{"line":203,"column":4},"end":{"line":203,"column":41}},"83":{"start":{"line":204,"column":4},"end":{"line":204,"column":64}},"84":{"start":{"line":205,"column":4},"end":{"line":205,"column":28}},"85":{"start":{"line":206,"column":4},"end":{"line":206,"column":30}},"86":{"start":{"line":208,"column":4},"end":{"line":208,"column":35}},"87":{"start":{"line":209,"column":4},"end":{"line":209,"column":68}},"88":{"start":{"line":210,"column":4},"end":{"line":210,"column":30}},"89":{"start":{"line":211,"column":4},"end":{"line":211,"column":68}},"90":{"start":{"line":212,"column":4},"end":{"line":212,"column":30}},"91":{"start":{"line":214,"column":4},"end":{"line":214,"column":59}},"92":{"start":{"line":216,"column":4},"end":{"line":216,"column":57}},"93":{"start":{"line":221,"column":4},"end":{"line":221,"column":43}}},"branchMap":{"1":{"line":47,"type":"if","locations":[{"start":{"line":47,"column":4},"end":{"line":47,"column":4}},{"start":{"line":47,"column":4},"end":{"line":47,"column":4}}]},"2":{"line":49,"type":"if","locations":[{"start":{"line":49,"column":4},"end":{"line":49,"column":4}},{"start":{"line":49,"column":4},"end":{"line":49,"column":4}}]},"3":{"line":50,"type":"if","locations":[{"start":{"line":50,"column":4},"end":{"line":50,"column":4}},{"start":{"line":50,"column":4},"end":{"line":50,"column":4}}]},"4":{"line":55,"type":"if","locations":[{"start":{"line":55,"column":4},"end":{"line":55,"column":4}},{"start":{"line":55,"column":4},"end":{"line":55,"column":4}}]},"5":{"line":59,"type":"if","locations":[{"start":{"line":59,"column":6},"end":{"line":59,"column":6}},{"start":{"line":59,"column":6},"end":{"line":59,"column":6}}]},"6":{"line":61,"type":"if","locations":[{"start":{"line":61,"column":6},"end":{"line":61,"column":6}},{"start":{"line":61,"column":6},"end":{"line":61,"column":6}}]},"7":{"line":63,"type":"if","locations":[{"start":{"line":63,"column":6},"end":{"line":63,"column":6}},{"start":{"line":63,"column":6},"end":{"line":63,"column":6}}]},"8":{"line":67,"type":"if","locations":[{"start":{"line":67,"column":6},"end":{"line":67,"column":6}},{"start":{"line":67,"column":6},"end":{"line":67,"column":6}}]},"9":{"line":71,"type":"if","locations":[{"start":{"line":71,"column":8},"end":{"line":71,"column":8}},{"start":{"line":71,"column":8},"end":{"line":71,"column":8}}]},"10":{"line":72,"type":"if","locations":[{"start":{"line":72,"column":8},"end":{"line":72,"column":8}},{"start":{"line":72,"column":8},"end":{"line":72,"column":8}}]},"11":{"line":79,"type":"if","locations":[{"start":{"line":79,"column":8},"end":{"line":79,"column":8}},{"start":{"line":79,"column":8},"end":{"line":79,"column":8}}]},"12":{"line":81,"type":"if","locations":[{"start":{"line":81,"column":8},"end":{"line":81,"column":8}},{"start":{"line":81,"column":8},"end":{"line":81,"column":8}}]},"13":{"line":110,"type":"if","locations":[{"start":{"line":110,"column":4},"end":{"line":110,"column":4}},{"start":{"line":110,"column":4},"end":{"line":110,"column":4}}]},"14":{"line":111,"type":"if","locations":[{"start":{"line":111,"column":4},"end":{"line":111,"column":4}},{"start":{"line":111,"column":4},"end":{"line":111,"column":4}}]},"15":{"line":112,"type":"if","locations":[{"start":{"line":112,"column":4},"end":{"line":112,"column":4}},{"start":{"line":112,"column":4},"end":{"line":112,"column":4}}]},"16":{"line":118,"type":"if","locations":[{"start":{"line":118,"column":4},"end":{"line":118,"column":4}},{"start":{"line":118,"column":4},"end":{"line":118,"column":4}}]},"17":{"line":120,"type":"if","locations":[{"start":{"line":120,"column":4},"end":{"line":120,"column":4}},{"start":{"line":120,"column":4},"end":{"line":120,"column":4}}]},"18":{"line":122,"type":"if","locations":[{"start":{"line":122,"column":4},"end":{"line":122,"column":4}},{"start":{"line":122,"column":4},"end":{"line":122,"column":4}}]},"19":{"line":132,"type":"if","locations":[{"start":{"line":132,"column":4},"end":{"line":132,"column":4}},{"start":{"line":132,"column":4},"end":{"line":132,"column":4}}]},"20":{"line":161,"type":"if","locations":[{"start":{"line":161,"column":4},"end":{"line":161,"column":4}},{"start":{"line":161,"column":4},"end":{"line":161,"column":4}}]},"21":{"line":162,"type":"if","locations":[{"start":{"line":162,"column":4},"end":{"line":162,"column":4}},{"start":{"line":162,"column":4},"end":{"line":162,"column":4}}]},"22":{"line":165,"type":"if","locations":[{"start":{"line":165,"column":4},"end":{"line":165,"column":4}},{"start":{"line":165,"column":4},"end":{"line":165,"column":4}}]},"23":{"line":166,"type":"if","locations":[{"start":{"line":166,"column":4},"end":{"line":166,"column":4}},{"start":{"line":166,"column":4},"end":{"line":166,"column":4}}]},"24":{"line":167,"type":"if","locations":[{"start":{"line":167,"column":4},"end":{"line":167,"column":4}},{"start":{"line":167,"column":4},"end":{"line":167,"column":4}}]},"25":{"line":174,"type":"if","locations":[{"start":{"line":174,"column":4},"end":{"line":174,"column":4}},{"start":{"line":174,"column":4},"end":{"line":174,"column":4}}]},"26":{"line":183,"type":"if","locations":[{"start":{"line":183,"column":4},"end":{"line":183,"column":4}},{"start":{"line":183,"column":4},"end":{"line":183,"column":4}}]},"27":{"line":184,"type":"if","locations":[{"start":{"line":184,"column":4},"end":{"line":184,"column":4}},{"start":{"line":184,"column":4},"end":{"line":184,"column":4}}]},"28":{"line":186,"type":"if","locations":[{"start":{"line":186,"column":4},"end":{"line":186,"column":4}},{"start":{"line":186,"column":4},"end":{"line":186,"column":4}}]},"29":{"line":187,"type":"if","locations":[{"start":{"line":187,"column":4},"end":{"line":187,"column":4}},{"start":{"line":187,"column":4},"end":{"line":187,"column":4}}]},"30":{"line":194,"type":"if","locations":[{"start":{"line":194,"column":4},"end":{"line":194,"column":4}},{"start":{"line":194,"column":4},"end":{"line":194,"column":4}}]},"31":{"line":195,"type":"if","locations":[{"start":{"line":195,"column":4},"end":{"line":195,"column":4}},{"start":{"line":195,"column":4},"end":{"line":195,"column":4}}]},"32":{"line":197,"type":"if","locations":[{"start":{"line":197,"column":4},"end":{"line":197,"column":4}},{"start":{"line":197,"column":4},"end":{"line":197,"column":4}}]},"33":{"line":202,"type":"if","locations":[{"start":{"line":202,"column":4},"end":{"line":202,"column":4}},{"start":{"line":202,"column":4},"end":{"line":202,"column":4}}]},"34":{"line":203,"type":"if","locations":[{"start":{"line":203,"column":4},"end":{"line":203,"column":4}},{"start":{"line":203,"column":4},"end":{"line":203,"column":4}}]},"35":{"line":205,"type":"if","locations":[{"start":{"line":205,"column":4},"end":{"line":205,"column":4}},{"start":{"line":205,"column":4},"end":{"line":205,"column":4}}]},"36":{"line":206,"type":"if","locations":[{"start":{"line":206,"column":4},"end":{"line":206,"column":4}},{"start":{"line":206,"column":4},"end":{"line":206,"column":4}}]},"37":{"line":210,"type":"if","locations":[{"start":{"line":210,"column":4},"end":{"line":210,"column":4}},{"start":{"line":210,"column":4},"end":{"line":210,"column":4}}]},"38":{"line":212,"type":"if","locations":[{"start":{"line":212,"column":4},"end":{"line":212,"column":4}},{"start":{"line":212,"column":4},"end":{"line":212,"column":4}}]}}},"contracts/BBFreelancer.sol":{"l":{"16":0,"17":0,"20":0,"21":0,"24":0,"26":0,"28":0,"29":0,"32":0,"33":0,"37":0,"38":0,"41":0,"42":0,"46":0,"49":0,"52":0,"55":0,"58":0},"path":"/Users/trantho/Code/SmartContract/digital-contracts/src/contracts/BBFreelancer.sol","s":{"1":0,"2":0,"3":0,"4":0,"5":0,"6":0,"7":0,"8":0,"9":0,"10":0,"11":0,"12":0,"13":0},"b":{"1":[0,0],"2":[0,0],"3":[0,0],"4":[0,0],"5":[0,0],"6":[0,0],"7":[0,0]},"f":{"1":0,"2":0,"3":0,"4":0,"5":0,"6":0,"7":0,"8":0,"9":0,"10":0,"11":0},"fnMap":{"1":{"name":"jobNotExist","line":15,"loc":{"start":{"line":15,"column":2},"end":{"line":15,"column":36}}},"2":{"name":"isFreelancerOfJob","line":19,"loc":{"start":{"line":19,"column":2},"end":{"line":19,"column":42}}},"3":{"name":"isNotOwnerJob","line":23,"loc":{"start":{"line":23,"column":2},"end":{"line":23,"column":38}}},"4":{"name":"isOwnerJob","line":31,"loc":{"start":{"line":31,"column":2},"end":{"line":31,"column":35}}},"5":{"name":"jobNotStarted","line":36,"loc":{"start":{"line":36,"column":2},"end":{"line":36,"column":38}}},"6":{"name":"isNotCanceled","line":40,"loc":{"start":{"line":40,"column":2},"end":{"line":40,"column":38}}},"7":{"name":"isOwnerOfJob","line":45,"loc":{"start":{"line":45,"column":2},"end":{"line":45,"column":81}}},"8":{"name":"isJobStart","line":48,"loc":{"start":{"line":48,"column":2},"end":{"line":48,"column":63}}},"9":{"name":"isJobCancel","line":51,"loc":{"start":{"line":51,"column":2},"end":{"line":51,"column":80}}},"10":{"name":"isJobExpired","line":54,"loc":{"start":{"line":54,"column":2},"end":{"line":54,"column":65}}},"11":{"name":"isJobHasFreelancer","line":57,"loc":{"start":{"line":57,"column":2},"end":{"line":57,"column":71}}}},"statementMap":{"1":{"start":{"line":16,"column":4},"end":{"line":16,"column":53}},"2":{"start":{"line":20,"column":4},"end":{"line":20,"column":91}},"3":{"start":{"line":24,"column":4},"end":{"line":24,"column":56}},"4":{"start":{"line":26,"column":4},"end":{"line":26,"column":25}},"5":{"start":{"line":28,"column":4},"end":{"line":28,"column":34}},"6":{"start":{"line":32,"column":4},"end":{"line":32,"column":58}},"7":{"start":{"line":37,"column":4},"end":{"line":37,"column":78}},"8":{"start":{"line":41,"column":4},"end":{"line":41,"column":78}},"9":{"start":{"line":46,"column":6},"end":{"line":46,"column":59}},"10":{"start":{"line":49,"column":6},"end":{"line":49,"column":81}},"11":{"start":{"line":52,"column":6},"end":{"line":52,"column":80}},"12":{"start":{"line":55,"column":6},"end":{"line":55,"column":81}},"13":{"start":{"line":58,"column":6},"end":{"line":58,"column":87}}},"branchMap":{"1":{"line":16,"type":"if","locations":[{"start":{"line":16,"column":4},"end":{"line":16,"column":4}},{"start":{"line":16,"column":4},"end":{"line":16,"column":4}}]},"2":{"line":20,"type":"if","locations":[{"start":{"line":20,"column":4},"end":{"line":20,"column":4}},{"start":{"line":20,"column":4},"end":{"line":20,"column":4}}]},"3":{"line":26,"type":"if","locations":[{"start":{"line":26,"column":4},"end":{"line":26,"column":4}},{"start":{"line":26,"column":4},"end":{"line":26,"column":4}}]},"4":{"line":28,"type":"if","locations":[{"start":{"line":28,"column":4},"end":{"line":28,"column":4}},{"start":{"line":28,"column":4},"end":{"line":28,"column":4}}]},"5":{"line":32,"type":"if","locations":[{"start":{"line":32,"column":4},"end":{"line":32,"column":4}},{"start":{"line":32,"column":4},"end":{"line":32,"column":4}}]},"6":{"line":37,"type":"if","locations":[{"start":{"line":37,"column":4},"end":{"line":37,"column":4}},{"start":{"line":37,"column":4},"end":{"line":37,"column":4}}]},"7":{"line":41,"type":"if","locations":[{"start":{"line":41,"column":4},"end":{"line":41,"column":4}},{"start":{"line":41,"column":4},"end":{"line":41,"column":4}}]}}},"contracts/BBFreelancerBid.sol":{"l":{"22":0,"43":0,"45":0,"47":0,"49":0,"51":0,"54":0,"56":0,"58":0,"63":0,"64":0,"67":0,"68":0,"72":0,"73":0,"76":0,"77":0,"80":0,"81":0,"83":0,"84":0,"86":0,"87":0,"90":0,"92":0,"94":0,"99":0,"100":0,"101":0,"103":0,"104":0,"105":0,"115":0,"117":0,"118":0,"120":0,"121":0,"122":0,"123":0,"124":0,"128":0,"142":0,"143":0,"144":0,"145":0,"150":0,"152":0,"153":0,"155":0,"157":0,"161":0,"163":0,"165":0},"path":"/Users/trantho/Code/SmartContract/digital-contracts/src/contracts/BBFreelancerBid.sol","s":{"1":0,"2":0,"3":0,"4":0,"5":0,"6":0,"7":0,"8":0,"9":0,"10":0,"11":0,"12":0,"13":0,"14":0,"15":0,"16":0,"17":0,"18":0,"19":0,"20":0,"21":0,"22":0,"23":0,"24":0,"25":0,"26":0,"27":0,"28":0,"29":0,"30":0,"31":0,"32":0,"33":0,"34":0,"35":0,"36":0,"37":0,"38":0,"39":0,"40":0,"41":0,"42":0,"43":0,"44":0},"b":{"1":[0,0],"2":[0,0],"3":[0,0],"4":[0,0],"5":[0,0],"6":[0,0],"7":[0,0],"8":[0,0],"9":[0,0],"10":[0,0],"11":[0,0],"12":[0,0],"13":[0,0],"14":[0,0],"15":[0,0],"16":[0,0],"17":[0,0],"18":[0,0],"19":[0,0],"20":[0,0],"21":[0,0],"22":[0,0],"23":[0,0],"24":[0,0]},"f":{"1":0,"2":0,"3":0,"4":0,"5":0,"6":0,"7":0},"fnMap":{"1":{"name":"setPaymentContract","line":21,"loc":{"start":{"line":21,"column":2},"end":{"line":21,"column":70}}},"2":{"name":"createBid","line":38,"loc":{"start":{"line":38,"column":2},"end":{"line":41,"column":27}}},"3":{"name":"createSingleBid","line":61,"loc":{"start":{"line":61,"column":3},"end":{"line":61,"column":75}}},"4":{"name":"createMultipleBid","line":98,"loc":{"start":{"line":98,"column":2},"end":{"line":98,"column":86}}},"5":{"name":"cancelBid","line":114,"loc":{"start":{"line":114,"column":2},"end":{"line":114,"column":64}}},"6":{"name":"acceptBid","line":138,"loc":{"start":{"line":138,"column":2},"end":{"line":141,"column":27}}},"7":{"name":"doAcceptBid","line":149,"loc":{"start":{"line":149,"column":2},"end":{"line":149,"column":79}}}},"statementMap":{"1":{"start":{"line":22,"column":4},"end":{"line":22,"column":48}},"2":{"start":{"line":43,"column":4},"end":{"line":43,"column":75}},"3":{"start":{"line":45,"column":4},"end":{"line":45,"column":63}},"4":{"start":{"line":47,"column":4},"end":{"line":47,"column":62}},"5":{"start":{"line":49,"column":4},"end":{"line":49,"column":68}},"6":{"start":{"line":51,"column":4},"end":{"line":51,"column":23}},"7":{"start":{"line":58,"column":4},"end":{"line":58,"column":65}},"8":{"start":{"line":63,"column":5},"end":{"line":63,"column":1900}},"9":{"start":{"line":64,"column":7},"end":{"line":64,"column":13}},"10":{"start":{"line":67,"column":5},"end":{"line":67,"column":1994}},"11":{"start":{"line":68,"column":7},"end":{"line":68,"column":13}},"12":{"start":{"line":72,"column":4},"end":{"line":72,"column":2098}},"13":{"start":{"line":73,"column":6},"end":{"line":73,"column":12}},"14":{"start":{"line":76,"column":4},"end":{"line":76,"column":2192}},"15":{"start":{"line":77,"column":7},"end":{"line":77,"column":13}},"16":{"start":{"line":80,"column":4},"end":{"line":80,"column":2295}},"17":{"start":{"line":81,"column":6},"end":{"line":81,"column":12}},"18":{"start":{"line":83,"column":4},"end":{"line":83,"column":2347}},"19":{"start":{"line":84,"column":6},"end":{"line":84,"column":12}},"20":{"start":{"line":86,"column":4},"end":{"line":86,"column":2405}},"21":{"start":{"line":87,"column":6},"end":{"line":87,"column":12}},"22":{"start":{"line":94,"column":4},"end":{"line":94,"column":65}},"23":{"start":{"line":99,"column":6},"end":{"line":99,"column":42}},"24":{"start":{"line":100,"column":6},"end":{"line":100,"column":44}},"25":{"start":{"line":101,"column":6},"end":{"line":101,"column":33}},"26":{"start":{"line":103,"column":6},"end":{"line":103,"column":2924}},"27":{"start":{"line":104,"column":8},"end":{"line":104,"column":67}},"28":{"start":{"line":105,"column":8},"end":{"line":105,"column":54}},"29":{"start":{"line":115,"column":5},"end":{"line":115,"column":90}},"30":{"start":{"line":117,"column":5},"end":{"line":117,"column":3394}},"31":{"start":{"line":120,"column":7},"end":{"line":120,"column":80}},"32":{"start":{"line":121,"column":7},"end":{"line":121,"column":22}},"33":{"start":{"line":123,"column":7},"end":{"line":123,"column":3751}},"34":{"start":{"line":128,"column":4},"end":{"line":128,"column":52}},"35":{"start":{"line":142,"column":4},"end":{"line":142,"column":77}},"36":{"start":{"line":143,"column":4},"end":{"line":143,"column":19}},"37":{"start":{"line":144,"column":4},"end":{"line":144,"column":61}},"38":{"start":{"line":145,"column":4},"end":{"line":145,"column":48}},"39":{"start":{"line":150,"column":4},"end":{"line":150,"column":79}},"40":{"start":{"line":153,"column":4},"end":{"line":153,"column":4709}},"41":{"start":{"line":155,"column":6},"end":{"line":155,"column":40}},"42":{"start":{"line":159,"column":11},"end":{"line":159,"column":4968}},"43":{"start":{"line":163,"column":6},"end":{"line":163,"column":79}},"44":{"start":{"line":165,"column":4},"end":{"line":165,"column":57}}},"branchMap":{"1":{"line":43,"type":"if","locations":[{"start":{"line":43,"column":4},"end":{"line":43,"column":4}},{"start":{"line":43,"column":4},"end":{"line":43,"column":4}}]},"2":{"line":45,"type":"if","locations":[{"start":{"line":45,"column":4},"end":{"line":45,"column":4}},{"start":{"line":45,"column":4},"end":{"line":45,"column":4}}]},"3":{"line":47,"type":"if","locations":[{"start":{"line":47,"column":4},"end":{"line":47,"column":4}},{"start":{"line":47,"column":4},"end":{"line":47,"column":4}}]},"4":{"line":49,"type":"if","locations":[{"start":{"line":49,"column":4},"end":{"line":49,"column":4}},{"start":{"line":49,"column":4},"end":{"line":49,"column":4}}]},"5":{"line":51,"type":"if","locations":[{"start":{"line":51,"column":4},"end":{"line":51,"column":4}},{"start":{"line":51,"column":4},"end":{"line":51,"column":4}}]},"6":{"line":63,"type":"if","locations":[{"start":{"line":63,"column":5},"end":{"line":63,"column":5}},{"start":{"line":63,"column":5},"end":{"line":63,"column":5}}]},"7":{"line":67,"type":"if","locations":[{"start":{"line":67,"column":5},"end":{"line":67,"column":5}},{"start":{"line":67,"column":5},"end":{"line":67,"column":5}}]},"8":{"line":72,"type":"if","locations":[{"start":{"line":72,"column":4},"end":{"line":72,"column":4}},{"start":{"line":72,"column":4},"end":{"line":72,"column":4}}]},"9":{"line":76,"type":"if","locations":[{"start":{"line":76,"column":4},"end":{"line":76,"column":4}},{"start":{"line":76,"column":4},"end":{"line":76,"column":4}}]},"10":{"line":80,"type":"if","locations":[{"start":{"line":80,"column":4},"end":{"line":80,"column":4}},{"start":{"line":80,"column":4},"end":{"line":80,"column":4}}]},"11":{"line":83,"type":"if","locations":[{"start":{"line":83,"column":4},"end":{"line":83,"column":4}},{"start":{"line":83,"column":4},"end":{"line":83,"column":4}}]},"12":{"line":86,"type":"if","locations":[{"start":{"line":86,"column":4},"end":{"line":86,"column":4}},{"start":{"line":86,"column":4},"end":{"line":86,"column":4}}]},"13":{"line":99,"type":"if","locations":[{"start":{"line":99,"column":6},"end":{"line":99,"column":6}},{"start":{"line":99,"column":6},"end":{"line":99,"column":6}}]},"14":{"line":100,"type":"if","locations":[{"start":{"line":100,"column":6},"end":{"line":100,"column":6}},{"start":{"line":100,"column":6},"end":{"line":100,"column":6}}]},"15":{"line":101,"type":"if","locations":[{"start":{"line":101,"column":6},"end":{"line":101,"column":6}},{"start":{"line":101,"column":6},"end":{"line":101,"column":6}}]},"16":{"line":117,"type":"if","locations":[{"start":{"line":117,"column":5},"end":{"line":117,"column":5}},{"start":{"line":117,"column":5},"end":{"line":117,"column":5}}]},"17":{"line":121,"type":"if","locations":[{"start":{"line":121,"column":7},"end":{"line":121,"column":7}},{"start":{"line":121,"column":7},"end":{"line":121,"column":7}}]},"18":{"line":123,"type":"if","locations":[{"start":{"line":123,"column":7},"end":{"line":123,"column":7}},{"start":{"line":123,"column":7},"end":{"line":123,"column":7}}]},"19":{"line":143,"type":"if","locations":[{"start":{"line":143,"column":4},"end":{"line":143,"column":4}},{"start":{"line":143,"column":4},"end":{"line":143,"column":4}}]},"20":{"line":144,"type":"if","locations":[{"start":{"line":144,"column":4},"end":{"line":144,"column":4}},{"start":{"line":144,"column":4},"end":{"line":144,"column":4}}]},"21":{"line":153,"type":"if","locations":[{"start":{"line":153,"column":4},"end":{"line":153,"column":4}},{"start":{"line":153,"column":4},"end":{"line":153,"column":4}}]},"22":{"line":155,"type":"if","locations":[{"start":{"line":155,"column":6},"end":{"line":155,"column":6}},{"start":{"line":155,"column":6},"end":{"line":155,"column":6}}]},"23":{"line":159,"type":"if","locations":[{"start":{"line":159,"column":11},"end":{"line":159,"column":11}},{"start":{"line":159,"column":11},"end":{"line":159,"column":11}}]},"24":{"line":163,"type":"if","locations":[{"start":{"line":163,"column":6},"end":{"line":163,"column":6}},{"start":{"line":163,"column":6},"end":{"line":163,"column":6}}]}}},"contracts/BBFreelancerJob.sol":{"l":{"24":0,"37":0,"38":0,"39":0,"40":0,"41":0,"42":0,"43":0,"60":0,"62":0,"64":0,"66":0,"69":0,"71":0,"73":0,"74":0,"75":0,"77":0,"79":0,"81":0,"83":0,"93":0,"94":0,"95":0,"96":0,"97":0,"98":0,"99":0,"101":0,"102":0,"103":0,"115":0,"117":0,"119":0,"130":0,"132":0,"133":0,"134":0,"138":0,"139":0,"140":0,"141":0,"142":0,"143":0,"144":0,"149":0,"150":0,"151":0,"153":0,"154":0,"156":0,"157":0,"158":0,"160":0,"161":0,"162":0,"164":0,"165":0,"166":0,"170":0,"171":0},"path":"/Users/trantho/Code/SmartContract/digital-contracts/src/contracts/BBFreelancerJob.sol","s":{"1":0,"2":0,"3":0,"4":0,"5":0,"6":0,"7":0,"8":0,"9":0,"10":0,"11":0,"12":0,"13":0,"14":0,"15":0,"16":0,"17":0,"18":0,"19":0,"20":0,"21":0,"22":0,"23":0,"24":0,"25":0,"26":0,"27":0,"28":0,"29":0,"30":0,"31":0,"32":0,"33":0,"34":0,"35":0,"36":0,"37":0,"38":0,"39":0,"40":0,"41":0,"42":0,"43":0,"44":0,"45":0,"46":0},"b":{"1":[0,0],"2":[0,0],"3":[0,0],"4":[0,0],"5":[0,0],"6":[0,0],"7":[0,0],"8":[0,0],"9":[0,0],"10":[0,0],"11":[0,0],"12":[0,0]},"f":{"1":0,"2":0,"3":0,"4":0,"5":0,"6":0,"7":0,"8":0,"9":0},"fnMap":{"1":{"name":"setPaymentContract","line":23,"loc":{"start":{"line":23,"column":2},"end":{"line":23,"column":70}}},"2":{"name":"getJob","line":36,"loc":{"start":{"line":36,"column":2},"end":{"line":36,"column":102}}},"3":{"name":"createJob","line":56,"loc":{"start":{"line":56,"column":2},"end":{"line":58,"column":3}}},"4":{"name":"cancelJob","line":90,"loc":{"start":{"line":90,"column":2},"end":{"line":91,"column":24}}},"5":{"name":"startJob","line":110,"loc":{"start":{"line":110,"column":2},"end":{"line":113,"column":30}}},"6":{"name":"finishJob","line":126,"loc":{"start":{"line":126,"column":2},"end":{"line":128,"column":30}}},"7":{"name":"allowRating","line":137,"loc":{"start":{"line":137,"column":2},"end":{"line":137,"column":81}}},"8":{"name":"doRating","line":148,"loc":{"start":{"line":148,"column":2},"end":{"line":148,"column":77}}},"9":{"name":"getRating","line":169,"loc":{"start":{"line":169,"column":3},"end":{"line":169,"column":98}}}},"statementMap":{"1":{"start":{"line":24,"column":4},"end":{"line":24,"column":48}},"2":{"start":{"line":37,"column":4},"end":{"line":37,"column":53}},"3":{"start":{"line":38,"column":4},"end":{"line":38,"column":65}},"4":{"start":{"line":39,"column":4},"end":{"line":39,"column":63}},"5":{"start":{"line":40,"column":4},"end":{"line":40,"column":60}},"6":{"start":{"line":41,"column":4},"end":{"line":41,"column":63}},"7":{"start":{"line":42,"column":4},"end":{"line":42,"column":74}},"8":{"start":{"line":43,"column":4},"end":{"line":43,"column":63}},"9":{"start":{"line":60,"column":4},"end":{"line":60,"column":30}},"10":{"start":{"line":62,"column":4},"end":{"line":62,"column":25}},"11":{"start":{"line":64,"column":4},"end":{"line":64,"column":22}},"12":{"start":{"line":66,"column":4},"end":{"line":66,"column":28}},"13":{"start":{"line":73,"column":4},"end":{"line":73,"column":53}},"14":{"start":{"line":83,"column":4},"end":{"line":83,"column":88}},"15":{"start":{"line":93,"column":4},"end":{"line":93,"column":59}},"16":{"start":{"line":94,"column":4},"end":{"line":94,"column":38}},"17":{"start":{"line":95,"column":4},"end":{"line":95,"column":2890}},"18":{"start":{"line":96,"column":6},"end":{"line":96,"column":76}},"19":{"start":{"line":97,"column":6},"end":{"line":97,"column":77}},"20":{"start":{"line":98,"column":6},"end":{"line":98,"column":83}},"21":{"start":{"line":99,"column":6},"end":{"line":99,"column":42}},"22":{"start":{"line":102,"column":4},"end":{"line":102,"column":38}},"23":{"start":{"line":103,"column":4},"end":{"line":103,"column":29}},"24":{"start":{"line":119,"column":4},"end":{"line":119,"column":28}},"25":{"start":{"line":130,"column":4},"end":{"line":130,"column":58}},"26":{"start":{"line":134,"column":4},"end":{"line":134,"column":29}},"27":{"start":{"line":138,"column":4},"end":{"line":138,"column":74}},"28":{"start":{"line":139,"column":4},"end":{"line":139,"column":58}},"29":{"start":{"line":140,"column":4},"end":{"line":140,"column":74}},"30":{"start":{"line":141,"column":4},"end":{"line":141,"column":51}},"31":{"start":{"line":142,"column":4},"end":{"line":142,"column":4521}},"32":{"start":{"line":143,"column":6},"end":{"line":143,"column":68}},"33":{"start":{"line":144,"column":6},"end":{"line":144,"column":43}},"34":{"start":{"line":149,"column":4},"end":{"line":149,"column":74}},"35":{"start":{"line":150,"column":4},"end":{"line":150,"column":58}},"36":{"start":{"line":151,"column":4},"end":{"line":151,"column":74}},"37":{"start":{"line":153,"column":4},"end":{"line":153,"column":82}},"38":{"start":{"line":156,"column":4},"end":{"line":156,"column":31}},"39":{"start":{"line":157,"column":4},"end":{"line":157,"column":5162}},"40":{"start":{"line":158,"column":7},"end":{"line":158,"column":28}},"41":{"start":{"line":160,"column":4},"end":{"line":160,"column":78}},"42":{"start":{"line":161,"column":4},"end":{"line":161,"column":35}},"43":{"start":{"line":164,"column":4},"end":{"line":164,"column":78}},"44":{"start":{"line":165,"column":4},"end":{"line":165,"column":31}},"45":{"start":{"line":170,"column":6},"end":{"line":170,"column":75}},"46":{"start":{"line":171,"column":6},"end":{"line":171,"column":75}}},"branchMap":{"1":{"line":60,"type":"if","locations":[{"start":{"line":60,"column":4},"end":{"line":60,"column":4}},{"start":{"line":60,"column":4},"end":{"line":60,"column":4}}]},"2":{"line":62,"type":"if","locations":[{"start":{"line":62,"column":4},"end":{"line":62,"column":4}},{"start":{"line":62,"column":4},"end":{"line":62,"column":4}}]},"3":{"line":64,"type":"if","locations":[{"start":{"line":64,"column":4},"end":{"line":64,"column":4}},{"start":{"line":64,"column":4},"end":{"line":64,"column":4}}]},"4":{"line":66,"type":"if","locations":[{"start":{"line":66,"column":4},"end":{"line":66,"column":4}},{"start":{"line":66,"column":4},"end":{"line":66,"column":4}}]},"5":{"line":94,"type":"if","locations":[{"start":{"line":94,"column":4},"end":{"line":94,"column":4}},{"start":{"line":94,"column":4},"end":{"line":94,"column":4}}]},"6":{"line":95,"type":"if","locations":[{"start":{"line":95,"column":4},"end":{"line":95,"column":4}},{"start":{"line":95,"column":4},"end":{"line":95,"column":4}}]},"7":{"line":99,"type":"if","locations":[{"start":{"line":99,"column":6},"end":{"line":99,"column":6}},{"start":{"line":99,"column":6},"end":{"line":99,"column":6}}]},"8":{"line":102,"type":"if","locations":[{"start":{"line":102,"column":4},"end":{"line":102,"column":4}},{"start":{"line":102,"column":4},"end":{"line":102,"column":4}}]},"9":{"line":130,"type":"if","locations":[{"start":{"line":130,"column":4},"end":{"line":130,"column":4}},{"start":{"line":130,"column":4},"end":{"line":130,"column":4}}]},"10":{"line":142,"type":"if","locations":[{"start":{"line":142,"column":4},"end":{"line":142,"column":4}},{"start":{"line":142,"column":4},"end":{"line":142,"column":4}}]},"11":{"line":153,"type":"if","locations":[{"start":{"line":153,"column":4},"end":{"line":153,"column":4}},{"start":{"line":153,"column":4},"end":{"line":153,"column":4}}]},"12":{"line":157,"type":"if","locations":[{"start":{"line":157,"column":4},"end":{"line":157,"column":4}},{"start":{"line":157,"column":4},"end":{"line":157,"column":4}}]}}},"contracts/BBFreelancerPayment.sol":{"l":{"26":0,"27":0,"28":0,"29":0,"30":0,"31":0,"33":0,"34":0,"43":0,"44":0,"45":0,"46":0,"47":0,"48":0,"49":0,"59":0,"60":0,"61":0,"62":0,"64":0,"65":0,"66":0,"67":0,"74":0,"75":0,"76":0,"77":0,"82":0,"83":0,"84":0,"85":0,"86":0,"87":0,"89":0,"91":0,"92":0,"93":0,"94":0,"95":0,"105":0,"106":0,"108":0,"109":0,"110":0,"111":0,"112":0,"113":0,"114":0,"115":0,"116":0,"117":0},"path":"/Users/trantho/Code/SmartContract/digital-contracts/src/contracts/BBFreelancerPayment.sol","s":{"1":0,"2":0,"3":0,"4":0,"5":0,"6":0,"7":0,"8":0,"9":0,"10":0,"11":0,"12":0,"13":0,"14":0,"15":0,"16":0,"17":0,"18":0,"19":0,"20":0,"21":0,"22":0,"23":0,"24":0,"25":0,"26":0,"27":0,"28":0,"29":0,"30":0,"31":0,"32":0,"33":0,"34":0,"35":0,"36":0,"37":0,"38":0,"39":0,"40":0,"41":0,"42":0,"43":0,"44":0},"b":{"1":[0,0],"2":[0,0],"3":[0,0],"4":[0,0],"5":[0,0],"6":[0,0],"7":[0,0],"8":[0,0],"9":[0,0],"10":[0,0],"11":[0,0],"12":[0,0],"13":[0,0],"14":[0,0],"15":[0,0],"16":[0,0],"17":[0,0]},"f":{"1":0,"2":0,"3":0,"4":0,"5":0,"6":0},"fnMap":{"1":{"name":"acceptPayment","line":24,"loc":{"start":{"line":24,"column":2},"end":{"line":25,"column":23}}},"2":{"name":"rejectPayment","line":41,"loc":{"start":{"line":41,"column":2},"end":{"line":42,"column":23}}},"3":{"name":"claimePayment","line":57,"loc":{"start":{"line":57,"column":2},"end":{"line":58,"column":3}}},"4":{"name":"checkPayment","line":73,"loc":{"start":{"line":73,"column":2},"end":{"line":73,"column":75}}},"5":{"name":"refundBBO","line":81,"loc":{"start":{"line":81,"column":2},"end":{"line":81,"column":57}}},"6":{"name":"finalizeDispute","line":104,"loc":{"start":{"line":104,"column":2},"end":{"line":104,"column":63}}}},"statementMap":{"1":{"start":{"line":26,"column":4},"end":{"line":26,"column":62}},"2":{"start":{"line":27,"column":4},"end":{"line":27,"column":23}},"3":{"start":{"line":28,"column":4},"end":{"line":28,"column":23}},"4":{"start":{"line":30,"column":4},"end":{"line":30,"column":73}},"5":{"start":{"line":31,"column":4},"end":{"line":31,"column":61}},"6":{"start":{"line":33,"column":4},"end":{"line":33,"column":41}},"7":{"start":{"line":34,"column":4},"end":{"line":34,"column":56}},"8":{"start":{"line":43,"column":4},"end":{"line":43,"column":59}},"9":{"start":{"line":44,"column":4},"end":{"line":44,"column":22}},"10":{"start":{"line":47,"column":4},"end":{"line":47,"column":110}},"11":{"start":{"line":49,"column":3},"end":{"line":49,"column":82}},"12":{"start":{"line":59,"column":4},"end":{"line":59,"column":59}},"13":{"start":{"line":60,"column":4},"end":{"line":60,"column":82}},"14":{"start":{"line":61,"column":4},"end":{"line":61,"column":84}},"15":{"start":{"line":62,"column":4},"end":{"line":62,"column":54}},"16":{"start":{"line":65,"column":4},"end":{"line":65,"column":61}},"17":{"start":{"line":66,"column":4},"end":{"line":66,"column":41}},"18":{"start":{"line":67,"column":4},"end":{"line":67,"column":55}},"19":{"start":{"line":74,"column":4},"end":{"line":74,"column":82}},"20":{"start":{"line":75,"column":4},"end":{"line":75,"column":84}},"21":{"start":{"line":76,"column":4},"end":{"line":76,"column":62}},"22":{"start":{"line":77,"column":4},"end":{"line":77,"column":57}},"23":{"start":{"line":82,"column":6},"end":{"line":82,"column":55}},"24":{"start":{"line":83,"column":6},"end":{"line":83,"column":78}},"25":{"start":{"line":84,"column":6},"end":{"line":84,"column":3219}},"26":{"start":{"line":86,"column":10},"end":{"line":86,"column":3368}},"27":{"start":{"line":87,"column":12},"end":{"line":87,"column":51}},"28":{"start":{"line":89,"column":12},"end":{"line":89,"column":23}},"29":{"start":{"line":91,"column":8},"end":{"line":91,"column":94}},"30":{"start":{"line":92,"column":8},"end":{"line":92,"column":81}},"31":{"start":{"line":93,"column":8},"end":{"line":93,"column":23}},"32":{"start":{"line":94,"column":8},"end":{"line":94,"column":33}},"33":{"start":{"line":95,"column":8},"end":{"line":95,"column":53}},"34":{"start":{"line":105,"column":4},"end":{"line":105,"column":53}},"35":{"start":{"line":106,"column":4},"end":{"line":106,"column":72}},"36":{"start":{"line":108,"column":4},"end":{"line":108,"column":74}},"37":{"start":{"line":109,"column":4},"end":{"line":109,"column":32}},"38":{"start":{"line":110,"column":4},"end":{"line":110,"column":73}},"39":{"start":{"line":111,"column":4},"end":{"line":111,"column":56}},"40":{"start":{"line":112,"column":4},"end":{"line":112,"column":61}},"41":{"start":{"line":113,"column":4},"end":{"line":113,"column":48}},"42":{"start":{"line":115,"column":4},"end":{"line":115,"column":37}},"43":{"start":{"line":116,"column":4},"end":{"line":116,"column":53}},"44":{"start":{"line":117,"column":4},"end":{"line":117,"column":15}}},"branchMap":{"1":{"line":27,"type":"if","locations":[{"start":{"line":27,"column":4},"end":{"line":27,"column":4}},{"start":{"line":27,"column":4},"end":{"line":27,"column":4}}]},"2":{"line":28,"type":"if","locations":[{"start":{"line":28,"column":4},"end":{"line":28,"column":4}},{"start":{"line":28,"column":4},"end":{"line":28,"column":4}}]},"3":{"line":33,"type":"if","locations":[{"start":{"line":33,"column":4},"end":{"line":33,"column":4}},{"start":{"line":33,"column":4},"end":{"line":33,"column":4}}]},"4":{"line":43,"type":"if","locations":[{"start":{"line":43,"column":4},"end":{"line":43,"column":4}},{"start":{"line":43,"column":4},"end":{"line":43,"column":4}}]},"5":{"line":44,"type":"if","locations":[{"start":{"line":44,"column":4},"end":{"line":44,"column":4}},{"start":{"line":44,"column":4},"end":{"line":44,"column":4}}]},"6":{"line":59,"type":"if","locations":[{"start":{"line":59,"column":4},"end":{"line":59,"column":4}},{"start":{"line":59,"column":4},"end":{"line":59,"column":4}}]},"7":{"line":62,"type":"if","locations":[{"start":{"line":62,"column":4},"end":{"line":62,"column":4}},{"start":{"line":62,"column":4},"end":{"line":62,"column":4}}]},"8":{"line":66,"type":"if","locations":[{"start":{"line":66,"column":4},"end":{"line":66,"column":4}},{"start":{"line":66,"column":4},"end":{"line":66,"column":4}}]},"9":{"line":84,"type":"if","locations":[{"start":{"line":84,"column":6},"end":{"line":84,"column":6}},{"start":{"line":84,"column":6},"end":{"line":84,"column":6}}]},"10":{"line":86,"type":"if","locations":[{"start":{"line":86,"column":10},"end":{"line":86,"column":10}},{"start":{"line":86,"column":10},"end":{"line":86,"column":10}}]},"11":{"line":93,"type":"if","locations":[{"start":{"line":93,"column":8},"end":{"line":93,"column":8}},{"start":{"line":93,"column":8},"end":{"line":93,"column":8}}]},"12":{"line":94,"type":"if","locations":[{"start":{"line":94,"column":8},"end":{"line":94,"column":8}},{"start":{"line":94,"column":8},"end":{"line":94,"column":8}}]},"13":{"line":105,"type":"if","locations":[{"start":{"line":105,"column":4},"end":{"line":105,"column":4}},{"start":{"line":105,"column":4},"end":{"line":105,"column":4}}]},"14":{"line":106,"type":"if","locations":[{"start":{"line":106,"column":4},"end":{"line":106,"column":4}},{"start":{"line":106,"column":4},"end":{"line":106,"column":4}}]},"15":{"line":109,"type":"if","locations":[{"start":{"line":109,"column":4},"end":{"line":109,"column":4}},{"start":{"line":109,"column":4},"end":{"line":109,"column":4}}]},"16":{"line":113,"type":"if","locations":[{"start":{"line":113,"column":4},"end":{"line":113,"column":4}},{"start":{"line":113,"column":4},"end":{"line":113,"column":4}}]},"17":{"line":115,"type":"if","locations":[{"start":{"line":115,"column":4},"end":{"line":115,"column":4}},{"start":{"line":115,"column":4},"end":{"line":115,"column":4}}]}}},"contracts/BBLib.sol":{"l":{"10":0,"13":0,"16":0,"19":0,"22":0,"25":0,"28":0,"31":0,"34":0,"37":0,"40":0,"43":0,"45":0,"46":0,"48":0},"path":"/Users/trantho/Code/SmartContract/digital-contracts/src/contracts/BBLib.sol","s":{"1":0,"2":0,"3":0,"4":0,"5":0,"6":0,"7":0,"8":0,"9":0,"10":0,"11":0,"12":0,"13":0,"14":0},"b":{},"f":{"1":0,"2":0,"3":0,"4":0,"5":0,"6":0,"7":0,"8":0,"9":0,"10":0,"11":0,"12":0},"fnMap":{"1":{"name":"toB32","line":9,"loc":{"start":{"line":9,"column":1},"end":{"line":9,"column":59}}},"2":{"name":"toB32","line":12,"loc":{"start":{"line":12,"column":1},"end":{"line":12,"column":61}}},"3":{"name":"toB32","line":15,"loc":{"start":{"line":15,"column":1},"end":{"line":15,"column":68}}},"4":{"name":"toB32","line":18,"loc":{"start":{"line":18,"column":1},"end":{"line":18,"column":70}}},"5":{"name":"toB32","line":21,"loc":{"start":{"line":21,"column":1},"end":{"line":21,"column":70}}},"6":{"name":"toB32","line":24,"loc":{"start":{"line":24,"column":1},"end":{"line":24,"column":72}}},"7":{"name":"toB32","line":27,"loc":{"start":{"line":27,"column":1},"end":{"line":27,"column":79}}},"8":{"name":"toB32","line":30,"loc":{"start":{"line":30,"column":1},"end":{"line":30,"column":79}}},"9":{"name":"toB32","line":33,"loc":{"start":{"line":33,"column":1},"end":{"line":33,"column":80}}},"10":{"name":"toB32","line":36,"loc":{"start":{"line":36,"column":1},"end":{"line":36,"column":79}}},"11":{"name":"toB32","line":39,"loc":{"start":{"line":39,"column":1},"end":{"line":39,"column":90}}},"12":{"name":"bytesToBytes32","line":42,"loc":{"start":{"line":42,"column":1},"end":{"line":42,"column":66}}}},"statementMap":{"1":{"start":{"line":10,"column":2},"end":{"line":10,"column":35}},"2":{"start":{"line":13,"column":2},"end":{"line":13,"column":35}},"3":{"start":{"line":16,"column":2},"end":{"line":16,"column":37}},"4":{"start":{"line":19,"column":2},"end":{"line":19,"column":37}},"5":{"start":{"line":22,"column":2},"end":{"line":22,"column":37}},"6":{"start":{"line":25,"column":2},"end":{"line":25,"column":37}},"7":{"start":{"line":28,"column":2},"end":{"line":28,"column":39}},"8":{"start":{"line":31,"column":2},"end":{"line":31,"column":39}},"9":{"start":{"line":34,"column":2},"end":{"line":34,"column":39}},"10":{"start":{"line":37,"column":2},"end":{"line":37,"column":39}},"11":{"start":{"line":40,"column":2},"end":{"line":40,"column":41}},"12":{"start":{"line":45,"column":5},"end":{"line":45,"column":1506}},"13":{"start":{"line":46,"column":7},"end":{"line":46,"column":44}},"14":{"start":{"line":48,"column":5},"end":{"line":48,"column":15}}},"branchMap":{}},"contracts/BBParams.sol":{"l":{"10":0,"11":0,"15":0,"16":0,"17":0,"21":0,"25":0,"26":0,"27":0,"28":0,"32":0,"39":0,"40":0,"41":0,"42":0,"43":0,"44":0,"45":0,"46":0,"48":0,"49":0,"50":0,"51":0,"52":0,"53":0,"54":0,"58":0},"path":"/Users/trantho/Code/SmartContract/digital-contracts/src/contracts/BBParams.sol","s":{"1":0,"2":0,"3":0,"4":0,"5":0,"6":0,"7":0,"8":0,"9":0,"10":0,"11":0,"12":0,"13":0,"14":0,"15":0,"16":0,"17":0},"b":{"1":[0,0],"2":[0,0],"3":[0,0],"4":[0,0],"5":[0,0],"6":[0,0],"7":[0,0],"8":[0,0],"9":[0,0],"10":[0,0],"11":[0,0],"12":[0,0]},"f":{"1":0,"2":0,"3":0,"4":0,"5":0,"6":0,"7":0},"fnMap":{"1":{"name":"onlyAdmin","line":9,"loc":{"start":{"line":9,"column":2},"end":{"line":9,"column":22}}},"2":{"name":"addAdmin","line":14,"loc":{"start":{"line":14,"column":2},"end":{"line":14,"column":61}}},"3":{"name":"isAdmin","line":20,"loc":{"start":{"line":20,"column":2},"end":{"line":20,"column":65}}},"4":{"name":"setFreelancerParams","line":24,"loc":{"start":{"line":24,"column":2},"end":{"line":24,"column":117}}},"5":{"name":"getFreelancerParams","line":31,"loc":{"start":{"line":31,"column":2},"end":{"line":31,"column":69}}},"6":{"name":"setVotingParams","line":35,"loc":{"start":{"line":35,"column":2},"end":{"line":37,"column":65}}},"7":{"name":"getVotingParams","line":57,"loc":{"start":{"line":57,"column":2},"end":{"line":57,"column":106}}}},"statementMap":{"1":{"start":{"line":10,"column":4},"end":{"line":10,"column":36}},"2":{"start":{"line":15,"column":4},"end":{"line":15,"column":31}},"3":{"start":{"line":16,"column":4},"end":{"line":16,"column":22}},"4":{"start":{"line":17,"column":4},"end":{"line":17,"column":31}},"5":{"start":{"line":21,"column":4},"end":{"line":21,"column":24}},"6":{"start":{"line":25,"column":3},"end":{"line":25,"column":36}},"7":{"start":{"line":26,"column":4},"end":{"line":26,"column":45}},"8":{"start":{"line":32,"column":3},"end":{"line":32,"column":121}},"9":{"start":{"line":39,"column":3},"end":{"line":39,"column":23}},"10":{"start":{"line":40,"column":3},"end":{"line":40,"column":21}},"11":{"start":{"line":41,"column":4},"end":{"line":41,"column":31}},"12":{"start":{"line":42,"column":3},"end":{"line":42,"column":25}},"13":{"start":{"line":43,"column":3},"end":{"line":43,"column":29}},"14":{"start":{"line":44,"column":3},"end":{"line":44,"column":27}},"15":{"start":{"line":45,"column":3},"end":{"line":45,"column":27}},"16":{"start":{"line":46,"column":3},"end":{"line":46,"column":23}},"17":{"start":{"line":58,"column":3},"end":{"line":58,"column":2164}}},"branchMap":{"1":{"line":10,"type":"if","locations":[{"start":{"line":10,"column":4},"end":{"line":10,"column":4}},{"start":{"line":10,"column":4},"end":{"line":10,"column":4}}]},"2":{"line":15,"type":"if","locations":[{"start":{"line":15,"column":4},"end":{"line":15,"column":4}},{"start":{"line":15,"column":4},"end":{"line":15,"column":4}}]},"3":{"line":25,"type":"if","locations":[{"start":{"line":25,"column":3},"end":{"line":25,"column":3}},{"start":{"line":25,"column":3},"end":{"line":25,"column":3}}]},"4":{"line":26,"type":"if","locations":[{"start":{"line":26,"column":4},"end":{"line":26,"column":4}},{"start":{"line":26,"column":4},"end":{"line":26,"column":4}}]},"5":{"line":39,"type":"if","locations":[{"start":{"line":39,"column":3},"end":{"line":39,"column":3}},{"start":{"line":39,"column":3},"end":{"line":39,"column":3}}]},"6":{"line":40,"type":"if","locations":[{"start":{"line":40,"column":3},"end":{"line":40,"column":3}},{"start":{"line":40,"column":3},"end":{"line":40,"column":3}}]},"7":{"line":41,"type":"if","locations":[{"start":{"line":41,"column":4},"end":{"line":41,"column":4}},{"start":{"line":41,"column":4},"end":{"line":41,"column":4}}]},"8":{"line":42,"type":"if","locations":[{"start":{"line":42,"column":3},"end":{"line":42,"column":3}},{"start":{"line":42,"column":3},"end":{"line":42,"column":3}}]},"9":{"line":43,"type":"if","locations":[{"start":{"line":43,"column":3},"end":{"line":43,"column":3}},{"start":{"line":43,"column":3},"end":{"line":43,"column":3}}]},"10":{"line":44,"type":"if","locations":[{"start":{"line":44,"column":3},"end":{"line":44,"column":3}},{"start":{"line":44,"column":3},"end":{"line":44,"column":3}}]},"11":{"line":45,"type":"if","locations":[{"start":{"line":45,"column":3},"end":{"line":45,"column":3}},{"start":{"line":45,"column":3},"end":{"line":45,"column":3}}]},"12":{"line":46,"type":"if","locations":[{"start":{"line":46,"column":3},"end":{"line":46,"column":3}},{"start":{"line":46,"column":3},"end":{"line":46,"column":3}}]}}},"contracts/BBRating.sol":{"l":{"13":0,"14":0,"18":0,"22":0,"26":0,"27":0,"28":0,"29":0,"30":0,"31":0,"33":0,"37":0,"38":0},"path":"/Users/trantho/Code/SmartContract/digital-contracts/src/contracts/BBRating.sol","s":{"1":0,"2":0,"3":0,"4":0,"5":0,"6":0,"7":0,"8":0,"9":0,"10":0,"11":0,"12":0},"b":{"1":[0,0],"2":[0,0],"3":[0,0],"4":[0,0],"5":[0,0]},"f":{"1":0,"2":0,"3":0,"4":0,"5":0},"fnMap":{"1":{"name":"addRelatedAddress","line":12,"loc":{"start":{"line":12,"column":4},"end":{"line":12,"column":80}}},"2":{"name":"allowRating","line":17,"loc":{"start":{"line":17,"column":4},"end":{"line":17,"column":85}}},"3":{"name":"doRating","line":21,"loc":{"start":{"line":21,"column":4},"end":{"line":21,"column":81}}},"4":{"name":"rate","line":25,"loc":{"start":{"line":25,"column":4},"end":{"line":25,"column":83}}},"5":{"name":"getRating","line":36,"loc":{"start":{"line":36,"column":4},"end":{"line":36,"column":95}}}},"statementMap":{"1":{"start":{"line":13,"column":8},"end":{"line":13,"column":44}},"2":{"start":{"line":18,"column":8},"end":{"line":18,"column":80}},"3":{"start":{"line":22,"column":8},"end":{"line":22,"column":37}},"4":{"start":{"line":26,"column":8},"end":{"line":26,"column":80}},"5":{"start":{"line":27,"column":8},"end":{"line":27,"column":46}},"6":{"start":{"line":28,"column":8},"end":{"line":28,"column":25}},"7":{"start":{"line":29,"column":8},"end":{"line":29,"column":26}},"8":{"start":{"line":30,"column":8},"end":{"line":30,"column":54}},"9":{"start":{"line":31,"column":8},"end":{"line":31,"column":48}},"10":{"start":{"line":33,"column":8},"end":{"line":33,"column":80}},"11":{"start":{"line":37,"column":8},"end":{"line":37,"column":80}},"12":{"start":{"line":38,"column":8},"end":{"line":38,"column":70}}},"branchMap":{"1":{"line":13,"type":"if","locations":[{"start":{"line":13,"column":8},"end":{"line":13,"column":8}},{"start":{"line":13,"column":8},"end":{"line":13,"column":8}}]},"2":{"line":27,"type":"if","locations":[{"start":{"line":27,"column":8},"end":{"line":27,"column":8}},{"start":{"line":27,"column":8},"end":{"line":27,"column":8}}]},"3":{"line":28,"type":"if","locations":[{"start":{"line":28,"column":8},"end":{"line":28,"column":8}},{"start":{"line":28,"column":8},"end":{"line":28,"column":8}}]},"4":{"line":29,"type":"if","locations":[{"start":{"line":29,"column":8},"end":{"line":29,"column":8}},{"start":{"line":29,"column":8},"end":{"line":29,"column":8}}]},"5":{"line":30,"type":"if","locations":[{"start":{"line":30,"column":8},"end":{"line":30,"column":8}},{"start":{"line":30,"column":8},"end":{"line":30,"column":8}}]}}},"contracts/BBRatingInterface.sol":{"l":{},"path":"/Users/trantho/Code/SmartContract/digital-contracts/src/contracts/BBRatingInterface.sol","s":{},"b":{},"f":{},"fnMap":{},"statementMap":{},"branchMap":{}},"contracts/BBStandard.sol":{"l":{"18":0,"27":0,"35":0,"36":0,"38":0,"39":0},"path":"/Users/trantho/Code/SmartContract/digital-contracts/src/contracts/BBStandard.sol","s":{"1":0,"2":0,"3":0,"4":0,"5":0},"b":{"1":[0,0],"2":[0,0],"3":[0,0]},"f":{"1":0,"2":0,"3":0},"fnMap":{"1":{"name":"setStorage","line":17,"loc":{"start":{"line":17,"column":2},"end":{"line":17,"column":62}}},"2":{"name":"setBBO","line":26,"loc":{"start":{"line":26,"column":2},"end":{"line":26,"column":54}}},"3":{"name":"emergencyERC20Drain","line":34,"loc":{"start":{"line":34,"column":2},"end":{"line":34,"column":62}}}},"statementMap":{"1":{"start":{"line":18,"column":4},"end":{"line":18,"column":34}},"2":{"start":{"line":27,"column":4},"end":{"line":27,"column":26}},"3":{"start":{"line":35,"column":6},"end":{"line":35,"column":910}},"4":{"start":{"line":38,"column":6},"end":{"line":38,"column":1006}},"5":{"start":{"line":39,"column":10},"end":{"line":39,"column":70}}},"branchMap":{"1":{"line":35,"type":"if","locations":[{"start":{"line":35,"column":6},"end":{"line":35,"column":6}},{"start":{"line":35,"column":6},"end":{"line":35,"column":6}}]},"2":{"line":38,"type":"if","locations":[{"start":{"line":38,"column":6},"end":{"line":38,"column":6}},{"start":{"line":38,"column":6},"end":{"line":38,"column":6}}]},"3":{"line":39,"type":"if","locations":[{"start":{"line":39,"column":10},"end":{"line":39,"column":10}},{"start":{"line":39,"column":10},"end":{"line":39,"column":10}}]}}},"contracts/BBStorage.sol":{"l":{"33":0,"34":0,"43":0,"44":0,"45":0,"52":0,"57":0,"62":0,"67":0,"72":0,"77":0,"86":0,"91":0,"96":0,"101":0,"106":0,"111":0,"119":0,"124":0,"129":0,"134":0,"139":0,"144":0},"path":"/Users/trantho/Code/SmartContract/digital-contracts/src/contracts/BBStorage.sol","s":{"1":0,"2":0,"3":0,"4":0,"5":0,"6":0,"7":0,"8":0,"9":0,"10":0,"11":0,"12":0,"13":0,"14":0,"15":0,"16":0},"b":{"1":[0,0],"2":[0,0]},"f":{"1":0,"2":0,"3":0,"4":0,"5":0,"6":0,"7":0,"8":0,"9":0,"10":0,"11":0,"12":0,"13":0,"14":0,"15":0,"16":0,"17":0,"18":0,"19":0,"20":0},"fnMap":{"1":{"name":"onlyAdminStorage","line":31,"loc":{"start":{"line":31,"column":4},"end":{"line":31,"column":29}}},"2":{"name":"addAdmin","line":42,"loc":{"start":{"line":42,"column":4},"end":{"line":42,"column":61}}},"3":{"name":"getAddress","line":51,"loc":{"start":{"line":51,"column":4},"end":{"line":51,"column":67}}},"4":{"name":"getUint","line":56,"loc":{"start":{"line":56,"column":4},"end":{"line":56,"column":64}}},"5":{"name":"getString","line":61,"loc":{"start":{"line":61,"column":4},"end":{"line":61,"column":65}}},"6":{"name":"getBytes","line":66,"loc":{"start":{"line":66,"column":4},"end":{"line":66,"column":63}}},"7":{"name":"getBool","line":71,"loc":{"start":{"line":71,"column":4},"end":{"line":71,"column":61}}},"8":{"name":"getInt","line":76,"loc":{"start":{"line":76,"column":4},"end":{"line":76,"column":59}}},"9":{"name":"setAddress","line":85,"loc":{"start":{"line":85,"column":4},"end":{"line":85,"column":77}}},"10":{"name":"setUint","line":90,"loc":{"start":{"line":90,"column":4},"end":{"line":90,"column":74}}},"11":{"name":"setString","line":95,"loc":{"start":{"line":95,"column":4},"end":{"line":95,"column":75}}},"12":{"name":"setBytes","line":100,"loc":{"start":{"line":100,"column":4},"end":{"line":100,"column":73}}},"13":{"name":"setBool","line":105,"loc":{"start":{"line":105,"column":4},"end":{"line":105,"column":71}}},"14":{"name":"setInt","line":110,"loc":{"start":{"line":110,"column":4},"end":{"line":110,"column":69}}},"15":{"name":"deleteAddress","line":118,"loc":{"start":{"line":118,"column":4},"end":{"line":118,"column":64}}},"16":{"name":"deleteUint","line":123,"loc":{"start":{"line":123,"column":4},"end":{"line":123,"column":61}}},"17":{"name":"deleteString","line":128,"loc":{"start":{"line":128,"column":4},"end":{"line":128,"column":63}}},"18":{"name":"deleteBytes","line":133,"loc":{"start":{"line":133,"column":4},"end":{"line":133,"column":62}}},"19":{"name":"deleteBool","line":138,"loc":{"start":{"line":138,"column":4},"end":{"line":138,"column":61}}},"20":{"name":"deleteInt","line":143,"loc":{"start":{"line":143,"column":4},"end":{"line":143,"column":60}}}},"statementMap":{"1":{"start":{"line":33,"column":8},"end":{"line":33,"column":80}},"2":{"start":{"line":43,"column":8},"end":{"line":43,"column":35}},"3":{"start":{"line":44,"column":8},"end":{"line":44,"column":64}},"4":{"start":{"line":45,"column":8},"end":{"line":45,"column":35}},"5":{"start":{"line":52,"column":8},"end":{"line":52,"column":35}},"6":{"start":{"line":57,"column":8},"end":{"line":57,"column":32}},"7":{"start":{"line":62,"column":8},"end":{"line":62,"column":34}},"8":{"start":{"line":67,"column":8},"end":{"line":67,"column":33}},"9":{"start":{"line":72,"column":8},"end":{"line":72,"column":32}},"10":{"start":{"line":77,"column":8},"end":{"line":77,"column":31}},"11":{"start":{"line":86,"column":8},"end":{"line":86,"column":36}},"12":{"start":{"line":91,"column":8},"end":{"line":91,"column":33}},"13":{"start":{"line":96,"column":8},"end":{"line":96,"column":35}},"14":{"start":{"line":101,"column":8},"end":{"line":101,"column":34}},"15":{"start":{"line":106,"column":8},"end":{"line":106,"column":33}},"16":{"start":{"line":111,"column":8},"end":{"line":111,"column":32}}},"branchMap":{"1":{"line":33,"type":"if","locations":[{"start":{"line":33,"column":8},"end":{"line":33,"column":8}},{"start":{"line":33,"column":8},"end":{"line":33,"column":8}}]},"2":{"line":43,"type":"if","locations":[{"start":{"line":43,"column":8},"end":{"line":43,"column":8}},{"start":{"line":43,"column":8},"end":{"line":43,"column":8}}]}}},"contracts/BBVoting.sol":{"l":{"21":0,"24":0,"25":0,"26":0,"27":0,"30":0,"34":0,"42":0,"43":0,"44":0,"45":0,"46":0,"55":0,"56":0,"57":0,"58":0,"59":0,"60":0,"61":0,"65":0,"75":0,"76":0,"77":0,"78":0,"79":0,"80":0,"81":0,"82":0,"84":0,"86":0,"87":0,"88":0,"90":0,"92":0,"93":0,"94":0,"104":0,"105":0,"106":0,"107":0,"118":0,"119":0,"120":0,"121":0,"123":0,"124":0,"126":0,"128":0,"129":0,"130":0,"131":0,"133":0,"135":0,"136":0,"144":0,"145":0,"146":0,"147":0,"148":0,"150":0,"151":0,"159":0,"160":0,"161":0,"162":0,"163":0,"164":0,"165":0,"166":0,"168":0,"171":0},"path":"/Users/trantho/Code/SmartContract/digital-contracts/src/contracts/BBVoting.sol","s":{"1":0,"2":0,"3":0,"4":0,"5":0,"6":0,"7":0,"8":0,"9":0,"10":0,"11":0,"12":0,"13":0,"14":0,"15":0,"16":0,"17":0,"18":0,"19":0,"20":0,"21":0,"22":0,"23":0,"24":0,"25":0,"26":0,"27":0,"28":0,"29":0,"30":0,"31":0,"32":0,"33":0,"34":0,"35":0,"36":0,"37":0,"38":0,"39":0,"40":0,"41":0,"42":0,"43":0,"44":0,"45":0,"46":0,"47":0,"48":0,"49":0,"50":0,"51":0,"52":0,"53":0,"54":0,"55":0,"56":0,"57":0,"58":0,"59":0,"60":0,"61":0,"62":0,"63":0},"b":{"1":[0,0],"2":[0,0],"3":[0,0],"4":[0,0],"5":[0,0],"6":[0,0],"7":[0,0],"8":[0,0],"9":[0,0],"10":[0,0],"11":[0,0],"12":[0,0],"13":[0,0],"14":[0,0],"15":[0,0],"16":[0,0],"17":[0,0],"18":[0,0],"19":[0,0],"20":[0,0],"21":[0,0],"22":[0,0],"23":[0,0],"24":[0,0],"25":[0,0],"26":[0,0],"27":[0,0]},"f":{"1":0,"2":0,"3":0,"4":0,"5":0,"6":0,"7":0,"8":0,"9":0,"10":0,"11":0,"12":0},"fnMap":{"1":{"name":"getPollID","line":20,"loc":{"start":{"line":20,"column":2},"end":{"line":20,"column":70}}},"2":{"name":"isDisputingJob","line":23,"loc":{"start":{"line":23,"column":2},"end":{"line":23,"column":39}}},"3":{"name":"isAgaintsPoll","line":29,"loc":{"start":{"line":29,"column":2},"end":{"line":29,"column":68}}},"4":{"name":"setBBOReward","line":33,"loc":{"start":{"line":33,"column":2},"end":{"line":33,"column":62}}},"5":{"name":"requestVotingRights","line":41,"loc":{"start":{"line":41,"column":2},"end":{"line":41,"column":56}}},"6":{"name":"withdrawVotingRights","line":53,"loc":{"start":{"line":53,"column":2},"end":{"line":54,"column":3}}},"7":{"name":"checkBalance","line":64,"loc":{"start":{"line":64,"column":2},"end":{"line":64,"column":60}}},"8":{"name":"commitVote","line":72,"loc":{"start":{"line":72,"column":2},"end":{"line":74,"column":3}}},"9":{"name":"checkHash","line":103,"loc":{"start":{"line":103,"column":2},"end":{"line":103,"column":87}}},"10":{"name":"revealVote","line":115,"loc":{"start":{"line":115,"column":2},"end":{"line":117,"column":3}}},"11":{"name":"claimReward","line":143,"loc":{"start":{"line":143,"column":2},"end":{"line":143,"column":44}}},"12":{"name":"calcReward","line":158,"loc":{"start":{"line":158,"column":2},"end":{"line":158,"column":78}}}},"statementMap":{"1":{"start":{"line":21,"column":4},"end":{"line":21,"column":55}},"2":{"start":{"line":24,"column":4},"end":{"line":24,"column":65}},"3":{"start":{"line":25,"column":4},"end":{"line":25,"column":26}},"4":{"start":{"line":26,"column":4},"end":{"line":26,"column":80}},"5":{"start":{"line":30,"column":4},"end":{"line":30,"column":107}},"6":{"start":{"line":34,"column":4},"end":{"line":34,"column":28}},"7":{"start":{"line":42,"column":4},"end":{"line":42,"column":50}},"8":{"start":{"line":43,"column":4},"end":{"line":43,"column":80}},"9":{"start":{"line":44,"column":4},"end":{"line":44,"column":66}},"10":{"start":{"line":46,"column":4},"end":{"line":46,"column":51}},"11":{"start":{"line":55,"column":4},"end":{"line":55,"column":80}},"12":{"start":{"line":56,"column":4},"end":{"line":56,"column":33}},"13":{"start":{"line":57,"column":4},"end":{"line":57,"column":26}},"14":{"start":{"line":58,"column":4},"end":{"line":58,"column":41}},"15":{"start":{"line":60,"column":4},"end":{"line":60,"column":47}},"16":{"start":{"line":61,"column":4},"end":{"line":61,"column":53}},"17":{"start":{"line":65,"column":4},"end":{"line":65,"column":62}},"18":{"start":{"line":75,"column":4},"end":{"line":75,"column":38}},"19":{"start":{"line":76,"column":4},"end":{"line":76,"column":57}},"20":{"start":{"line":77,"column":4},"end":{"line":77,"column":57}},"21":{"start":{"line":78,"column":4},"end":{"line":78,"column":30}},"22":{"start":{"line":79,"column":4},"end":{"line":79,"column":30}},"23":{"start":{"line":80,"column":4},"end":{"line":80,"column":40}},"24":{"start":{"line":81,"column":4},"end":{"line":81,"column":77}},"25":{"start":{"line":82,"column":4},"end":{"line":82,"column":74}},"26":{"start":{"line":84,"column":4},"end":{"line":84,"column":27}},"27":{"start":{"line":86,"column":4},"end":{"line":86,"column":80}},"28":{"start":{"line":87,"column":4},"end":{"line":87,"column":3107}},"29":{"start":{"line":88,"column":6},"end":{"line":88,"column":54}},"30":{"start":{"line":90,"column":4},"end":{"line":90,"column":72}},"31":{"start":{"line":94,"column":4},"end":{"line":94,"column":43}},"32":{"start":{"line":104,"column":4},"end":{"line":104,"column":38}},"33":{"start":{"line":105,"column":4},"end":{"line":105,"column":48}},"34":{"start":{"line":106,"column":4},"end":{"line":106,"column":112}},"35":{"start":{"line":107,"column":4},"end":{"line":107,"column":35}},"36":{"start":{"line":118,"column":4},"end":{"line":118,"column":38}},"37":{"start":{"line":119,"column":4},"end":{"line":119,"column":40}},"38":{"start":{"line":120,"column":4},"end":{"line":120,"column":74}},"39":{"start":{"line":121,"column":4},"end":{"line":121,"column":74}},"40":{"start":{"line":123,"column":4},"end":{"line":123,"column":80}},"41":{"start":{"line":124,"column":4},"end":{"line":124,"column":79}},"42":{"start":{"line":126,"column":4},"end":{"line":126,"column":36}},"43":{"start":{"line":128,"column":4},"end":{"line":128,"column":48}},"44":{"start":{"line":129,"column":4},"end":{"line":129,"column":113}},"45":{"start":{"line":130,"column":4},"end":{"line":130,"column":36}},"46":{"start":{"line":131,"column":4},"end":{"line":131,"column":80}},"47":{"start":{"line":136,"column":4},"end":{"line":136,"column":54}},"48":{"start":{"line":144,"column":4},"end":{"line":144,"column":38}},"49":{"start":{"line":145,"column":4},"end":{"line":145,"column":74}},"50":{"start":{"line":146,"column":4},"end":{"line":146,"column":87}},"51":{"start":{"line":147,"column":4},"end":{"line":147,"column":42}},"52":{"start":{"line":148,"column":4},"end":{"line":148,"column":26}},"53":{"start":{"line":151,"column":4},"end":{"line":151,"column":62}},"54":{"start":{"line":159,"column":4},"end":{"line":159,"column":38}},"55":{"start":{"line":160,"column":4},"end":{"line":160,"column":74}},"56":{"start":{"line":161,"column":4},"end":{"line":161,"column":32}},"57":{"start":{"line":162,"column":4},"end":{"line":162,"column":85}},"58":{"start":{"line":163,"column":4},"end":{"line":163,"column":6210}},"59":{"start":{"line":164,"column":6},"end":{"line":164,"column":82}},"60":{"start":{"line":165,"column":6},"end":{"line":165,"column":86}},"61":{"start":{"line":166,"column":6},"end":{"line":166,"column":90}},"62":{"start":{"line":168,"column":6},"end":{"line":168,"column":52}},"63":{"start":{"line":171,"column":6},"end":{"line":171,"column":54}}},"branchMap":{"1":{"line":25,"type":"if","locations":[{"start":{"line":25,"column":4},"end":{"line":25,"column":4}},{"start":{"line":25,"column":4},"end":{"line":25,"column":4}}]},"2":{"line":26,"type":"if","locations":[{"start":{"line":26,"column":4},"end":{"line":26,"column":4}},{"start":{"line":26,"column":4},"end":{"line":26,"column":4}}]},"3":{"line":42,"type":"if","locations":[{"start":{"line":42,"column":4},"end":{"line":42,"column":4}},{"start":{"line":42,"column":4},"end":{"line":42,"column":4}}]},"4":{"line":44,"type":"if","locations":[{"start":{"line":44,"column":4},"end":{"line":44,"column":4}},{"start":{"line":44,"column":4},"end":{"line":44,"column":4}}]},"5":{"line":56,"type":"if","locations":[{"start":{"line":56,"column":4},"end":{"line":56,"column":4}},{"start":{"line":56,"column":4},"end":{"line":56,"column":4}}]},"6":{"line":57,"type":"if","locations":[{"start":{"line":57,"column":4},"end":{"line":57,"column":4}},{"start":{"line":57,"column":4},"end":{"line":57,"column":4}}]},"7":{"line":58,"type":"if","locations":[{"start":{"line":58,"column":4},"end":{"line":58,"column":4}},{"start":{"line":58,"column":4},"end":{"line":58,"column":4}}]},"8":{"line":60,"type":"if","locations":[{"start":{"line":60,"column":4},"end":{"line":60,"column":4}},{"start":{"line":60,"column":4},"end":{"line":60,"column":4}}]},"9":{"line":78,"type":"if","locations":[{"start":{"line":78,"column":4},"end":{"line":78,"column":4}},{"start":{"line":78,"column":4},"end":{"line":78,"column":4}}]},"10":{"line":79,"type":"if","locations":[{"start":{"line":79,"column":4},"end":{"line":79,"column":4}},{"start":{"line":79,"column":4},"end":{"line":79,"column":4}}]},"11":{"line":80,"type":"if","locations":[{"start":{"line":80,"column":4},"end":{"line":80,"column":4}},{"start":{"line":80,"column":4},"end":{"line":80,"column":4}}]},"12":{"line":81,"type":"if","locations":[{"start":{"line":81,"column":4},"end":{"line":81,"column":4}},{"start":{"line":81,"column":4},"end":{"line":81,"column":4}}]},"13":{"line":82,"type":"if","locations":[{"start":{"line":82,"column":4},"end":{"line":82,"column":4}},{"start":{"line":82,"column":4},"end":{"line":82,"column":4}}]},"14":{"line":84,"type":"if","locations":[{"start":{"line":84,"column":4},"end":{"line":84,"column":4}},{"start":{"line":84,"column":4},"end":{"line":84,"column":4}}]},"15":{"line":87,"type":"if","locations":[{"start":{"line":87,"column":4},"end":{"line":87,"column":4}},{"start":{"line":87,"column":4},"end":{"line":87,"column":4}}]},"16":{"line":90,"type":"if","locations":[{"start":{"line":90,"column":4},"end":{"line":90,"column":4}},{"start":{"line":90,"column":4},"end":{"line":90,"column":4}}]},"17":{"line":119,"type":"if","locations":[{"start":{"line":119,"column":4},"end":{"line":119,"column":4}},{"start":{"line":119,"column":4},"end":{"line":119,"column":4}}]},"18":{"line":120,"type":"if","locations":[{"start":{"line":120,"column":4},"end":{"line":120,"column":4}},{"start":{"line":120,"column":4},"end":{"line":120,"column":4}}]},"19":{"line":121,"type":"if","locations":[{"start":{"line":121,"column":4},"end":{"line":121,"column":4}},{"start":{"line":121,"column":4},"end":{"line":121,"column":4}}]},"20":{"line":126,"type":"if","locations":[{"start":{"line":126,"column":4},"end":{"line":126,"column":4}},{"start":{"line":126,"column":4},"end":{"line":126,"column":4}}]},"21":{"line":130,"type":"if","locations":[{"start":{"line":130,"column":4},"end":{"line":130,"column":4}},{"start":{"line":130,"column":4},"end":{"line":130,"column":4}}]},"22":{"line":145,"type":"if","locations":[{"start":{"line":145,"column":4},"end":{"line":145,"column":4}},{"start":{"line":145,"column":4},"end":{"line":145,"column":4}}]},"23":{"line":146,"type":"if","locations":[{"start":{"line":146,"column":4},"end":{"line":146,"column":4}},{"start":{"line":146,"column":4},"end":{"line":146,"column":4}}]},"24":{"line":148,"type":"if","locations":[{"start":{"line":148,"column":4},"end":{"line":148,"column":4}},{"start":{"line":148,"column":4},"end":{"line":148,"column":4}}]},"25":{"line":151,"type":"if","locations":[{"start":{"line":151,"column":4},"end":{"line":151,"column":4}},{"start":{"line":151,"column":4},"end":{"line":151,"column":4}}]},"26":{"line":161,"type":"if","locations":[{"start":{"line":161,"column":4},"end":{"line":161,"column":4}},{"start":{"line":161,"column":4},"end":{"line":161,"column":4}}]},"27":{"line":163,"type":"if","locations":[{"start":{"line":163,"column":4},"end":{"line":163,"column":4}},{"start":{"line":163,"column":4},"end":{"line":163,"column":4}}]}}},"contracts/BigbomDigitalContract.sol":{"l":{"27":0,"34":0,"38":0,"39":0,"44":0,"46":0,"48":0,"49":0,"51":0,"54":0,"63":0,"64":0,"76":0,"77":0,"78":0,"79":0,"80":0,"81":0,"83":0,"85":0,"87":0,"99":0,"100":0,"101":0,"102":0,"103":0,"104":0,"105":0,"107":0,"124":0,"126":0,"129":0,"132":0,"136":0,"138":0,"140":0,"142":0,"144":0,"147":0,"148":0,"150":0,"152":0,"163":0,"164":0,"166":0,"168":0,"180":0,"182":0,"184":0,"186":0,"187":0},"path":"/Users/trantho/Code/SmartContract/digital-contracts/src/contracts/BigbomDigitalContract.sol","s":{"1":0,"2":0,"3":0,"4":0,"5":0,"6":0,"7":0,"8":0,"9":0,"10":0,"11":0,"12":0,"13":0,"14":0,"15":0,"16":0,"17":0,"18":0,"19":0,"20":0,"21":0,"22":0,"23":0,"24":0,"25":0,"26":0,"27":0,"28":0,"29":0,"30":0,"31":0,"32":0,"33":0,"34":0,"35":0,"36":0,"37":0,"38":0,"39":0,"40":0},"b":{"1":[0,0],"2":[0,0],"3":[0,0],"4":[0,0],"5":[0,0],"6":[0,0],"7":[0,0],"8":[0,0],"9":[0,0],"10":[0,0],"11":[0,0]},"f":{"1":0,"2":0,"3":0,"4":0,"5":0,"6":0,"7":0,"8":0,"9":0,"10":0},"fnMap":{"1":{"name":"setStorage","line":26,"loc":{"start":{"line":26,"column":2},"end":{"line":26,"column":62}}},"2":{"name":"getStorage","line":32,"loc":{"start":{"line":32,"column":2},"end":{"line":32,"column":57}}},"3":{"name":"userIsOwnerSign","line":37,"loc":{"start":{"line":37,"column":2},"end":{"line":37,"column":59}}},"4":{"name":"isUniqueAddress","line":43,"loc":{"start":{"line":43,"column":2},"end":{"line":43,"column":64}}},"5":{"name":"verifyBBODocument","line":62,"loc":{"start":{"line":62,"column":2},"end":{"line":62,"column":89}}},"6":{"name":"getAddressesByDocHash","line":74,"loc":{"start":{"line":74,"column":2},"end":{"line":74,"column":88}}},"7":{"name":"getDocuments","line":97,"loc":{"start":{"line":97,"column":2},"end":{"line":97,"column":71}}},"8":{"name":"createAndSignBBODocument","line":119,"loc":{"start":{"line":119,"column":2},"end":{"line":122,"column":4}}},"9":{"name":"setDocToAddress","line":161,"loc":{"start":{"line":161,"column":2},"end":{"line":161,"column":63}}},"10":{"name":"signBBODocument","line":176,"loc":{"start":{"line":176,"column":2},"end":{"line":178,"column":4}}}},"statementMap":{"1":{"start":{"line":27,"column":4},"end":{"line":27,"column":34}},"2":{"start":{"line":34,"column":4},"end":{"line":34,"column":14}},"3":{"start":{"line":38,"column":3},"end":{"line":38,"column":83}},"4":{"start":{"line":44,"column":5},"end":{"line":44,"column":993}},"5":{"start":{"line":46,"column":7},"end":{"line":46,"column":39}},"6":{"start":{"line":48,"column":7},"end":{"line":48,"column":1151}},"7":{"start":{"line":49,"column":9},"end":{"line":49,"column":79}},"8":{"start":{"line":51,"column":9},"end":{"line":51,"column":16}},"9":{"start":{"line":63,"column":3},"end":{"line":63,"column":79}},"10":{"start":{"line":64,"column":3},"end":{"line":64,"column":117}},"11":{"start":{"line":76,"column":4},"end":{"line":76,"column":69}},"12":{"start":{"line":77,"column":4},"end":{"line":77,"column":53}},"13":{"start":{"line":78,"column":4},"end":{"line":78,"column":44}},"14":{"start":{"line":79,"column":4},"end":{"line":79,"column":2222}},"15":{"start":{"line":80,"column":6},"end":{"line":80,"column":2341}},"16":{"start":{"line":81,"column":6},"end":{"line":81,"column":85}},"17":{"start":{"line":83,"column":6},"end":{"line":83,"column":88}},"18":{"start":{"line":85,"column":6},"end":{"line":85,"column":124}},"19":{"start":{"line":87,"column":4},"end":{"line":87,"column":30}},"20":{"start":{"line":99,"column":4},"end":{"line":99,"column":30}},"21":{"start":{"line":100,"column":4},"end":{"line":100,"column":69}},"22":{"start":{"line":101,"column":4},"end":{"line":101,"column":59}},"23":{"start":{"line":102,"column":4},"end":{"line":102,"column":3022}},"24":{"start":{"line":103,"column":5},"end":{"line":103,"column":77}},"25":{"start":{"line":104,"column":5},"end":{"line":104,"column":74}},"26":{"start":{"line":105,"column":5},"end":{"line":105,"column":96}},"27":{"start":{"line":107,"column":4},"end":{"line":107,"column":41}},"28":{"start":{"line":124,"column":5},"end":{"line":124,"column":35}},"29":{"start":{"line":126,"column":4},"end":{"line":126,"column":71}},"30":{"start":{"line":129,"column":5},"end":{"line":129,"column":40}},"31":{"start":{"line":132,"column":5},"end":{"line":132,"column":40}},"32":{"start":{"line":144,"column":5},"end":{"line":144,"column":43}},"33":{"start":{"line":147,"column":5},"end":{"line":147,"column":4899}},"34":{"start":{"line":150,"column":8},"end":{"line":150,"column":55}},"35":{"start":{"line":152,"column":5},"end":{"line":152,"column":51}},"36":{"start":{"line":163,"column":5},"end":{"line":163,"column":69}},"37":{"start":{"line":180,"column":5},"end":{"line":180,"column":70}},"38":{"start":{"line":182,"column":5},"end":{"line":182,"column":122}},"39":{"start":{"line":184,"column":5},"end":{"line":184,"column":91}},"40":{"start":{"line":187,"column":5},"end":{"line":187,"column":51}}},"branchMap":{"1":{"line":38,"type":"if","locations":[{"start":{"line":38,"column":3},"end":{"line":38,"column":3}},{"start":{"line":38,"column":3},"end":{"line":38,"column":3}}]},"2":{"line":46,"type":"if","locations":[{"start":{"line":46,"column":7},"end":{"line":46,"column":7}},{"start":{"line":46,"column":7},"end":{"line":46,"column":7}}]},"3":{"line":48,"type":"if","locations":[{"start":{"line":48,"column":7},"end":{"line":48,"column":7}},{"start":{"line":48,"column":7},"end":{"line":48,"column":7}}]},"4":{"line":80,"type":"if","locations":[{"start":{"line":80,"column":6},"end":{"line":80,"column":6}},{"start":{"line":80,"column":6},"end":{"line":80,"column":6}}]},"5":{"line":124,"type":"if","locations":[{"start":{"line":124,"column":5},"end":{"line":124,"column":5}},{"start":{"line":124,"column":5},"end":{"line":124,"column":5}}]},"6":{"line":126,"type":"if","locations":[{"start":{"line":126,"column":4},"end":{"line":126,"column":4}},{"start":{"line":126,"column":4},"end":{"line":126,"column":4}}]},"7":{"line":129,"type":"if","locations":[{"start":{"line":129,"column":5},"end":{"line":129,"column":5}},{"start":{"line":129,"column":5},"end":{"line":129,"column":5}}]},"8":{"line":132,"type":"if","locations":[{"start":{"line":132,"column":5},"end":{"line":132,"column":5}},{"start":{"line":132,"column":5},"end":{"line":132,"column":5}}]},"9":{"line":180,"type":"if","locations":[{"start":{"line":180,"column":5},"end":{"line":180,"column":5}},{"start":{"line":180,"column":5},"end":{"line":180,"column":5}}]},"10":{"line":182,"type":"if","locations":[{"start":{"line":182,"column":5},"end":{"line":182,"column":5}},{"start":{"line":182,"column":5},"end":{"line":182,"column":5}}]},"11":{"line":184,"type":"if","locations":[{"start":{"line":184,"column":5},"end":{"line":184,"column":5}},{"start":{"line":184,"column":5},"end":{"line":184,"column":5}}]}}}}